
[Three-way Handshake] Starting connection establishment...
[State Transition] CLOSED -> SYN_SENT
[Sent] SYN packet (seq=0, retry count=0)
[Received] SYN+ACK packet (seq=0, ack=1)
[Sent] ACK packet (seq=1, ack=1)
[State Transition] SYN_SENT -> ESTABLISHED
[Success] Connection established!


===== Single File Transfer Mode (window size=8) =====
[RENO] RENO congestion control enabled

========== testfile Directory Files ==========
  [1] 1.jpg
  [2] 2.jpg
  [3] 3.jpg
  [4] helloworld.txt
===============================================
Please enter the filename to transfer: [Info] Read file '1.jpg', size: 1857353 bytes

[Transfer] Starting transfer of '1.jpg'...

[Pipeline Send] Starting to send data, total length=1857353, total packets=228, initial window size=8
[RENO] Initial state: cwnd=1, ssthresh=32, phase=SLOW_START
[Send] Data packet seq=1, length=8172, window[1,1], cwnd=1
[Receive] ACK packet ack=2[RENO] Slow Start: cwnd=2, ssthresh=32

[Window Slide] base: 1 -> 2
[Send] Data packet seq=2, length=8172, window[2,3], cwnd=2
[Send] Data packet seq=3, length=8172, window[2,3], cwnd=2
[Receive] ACK packet ack=3[RENO] Slow Start: cwnd=3, ssthresh=32

[Window Slide] base: 2 -> 3
[Send] Data packet seq=4, length=8172, window[3,5], cwnd=3
[Send] Data packet seq=5, length=8172, window[3,5], cwnd=3
[Receive] ACK packet ack=4[RENO] Slow Start: cwnd=4, ssthresh=32

[Window Slide] base: 3 -> 4
[Send] Data packet seq=6, length=8172, window[4,7], cwnd=4
[Send] Data packet seq=7, length=8172, window[4,7], cwnd=4
[Receive] ACK packet ack=5[RENO] Slow Start: cwnd=5, ssthresh=32

[Window Slide] base: 4 -> 5
[Send] Data packet seq=8, length=8172, window[5,9], cwnd=5
[Send] Data packet seq=9, length=8172, window[5,9], cwnd=5
[Receive] ACK packet ack=6[RENO] Slow Start: cwnd=6, ssthresh=32

[Window Slide] base: 5 -> 6
[Send] Data packet seq=10, length=8172, window[6,11], cwnd=6
[Send] Data packet seq=11, length=8172, window[6,11], cwnd=6
[Receive] ACK packet ack=7[RENO] Slow Start: cwnd=7, ssthresh=32

[Window Slide] base: 6 -> 7
[Send] Data packet seq=12, length=8172, window[7,13], cwnd=7
[Send] Data packet seq=13, length=8172, window[7,13], cwnd=7
[Receive] ACK packet ack=8[RENO] Slow Start: cwnd=8, ssthresh=32

[Window Slide] base: 7 -> 8
[Send] Data packet seq=14, length=8172, window[8,15], cwnd=8
[Send] Data packet seq=15, length=8172, window[8,15], cwnd=8
[Receive] ACK packet ack=9[RENO] Slow Start: cwnd=9, ssthresh=32

[Window Slide] base: 8 -> 9
[Send] Data packet seq=16, length=8172, window[9,16], cwnd=9
[Receive] ACK packet ack=10[RENO] Slow Start: cwnd=10, ssthresh=32

[Window Slide] base: 9 -> 10
[Send] Data packet seq=17, length=8172, window[10,17], cwnd=10
[Receive] ACK packet ack=11[RENO] Slow Start: cwnd=11, ssthresh=32

[Window Slide] base: 10 -> 11
[Send] Data packet seq=18, length=8172, window[11,18], cwnd=11
[Receive] ACK packet ack=12[RENO] Slow Start: cwnd=12, ssthresh=32

[Window Slide] base: 11 -> 12
[Send] Data packet seq=19, length=8172, window[12,19], cwnd=12
[Receive] ACK packet ack=13[RENO] Slow Start: cwnd=13, ssthresh=32

[Window Slide] base: 12 -> 13
[Send] Data packet seq=20, length=8172, window[13,20], cwnd=13
[Receive] ACK packet ack=14[RENO] Slow Start: cwnd=14, ssthresh=32

[Window Slide] base: 13 -> 14
[Send] Data packet seq=21, length=8172, window[14,21], cwnd=14
[Receive] ACK packet ack=14[RENO] Duplicate ACK received (count=1, ack=14)
, SACK blocks=[15]

[Receive] ACK packet ack=14[RENO] Duplicate ACK received (count=2, ack=14)
, SACK blocks=[15,16]

[Receive] ACK packet ack=14[RENO] Duplicate ACK received (count=3, ack=14)
[RENO] Fast Retransmit triggered (3 duplicate ACKs)
[RENO] Entering FAST_RECOVERY (cwnd=7, ssthresh=7)
, SACK blocks=[15,16,17]

[RENO] Fast Retransmit: retransmitting seq=14
[Receive] ACK packet ack=14[RENO] Duplicate ACK received (count=4, ack=14)
[RENO] Fast Recovery: cwnd inflated to 8
, SACK blocks=[15,16,17,19]

[Receive] ACK packet ack=14[RENO] Duplicate ACK received (count=5, ack=14)
[RENO] Fast Recovery: cwnd inflated to 9
, SACK blocks=[15,16,17,19]

[Receive] ACK packet ack=14[RENO] Duplicate ACK received (count=6, ack=14)
[RENO] Fast Recovery: cwnd inflated to 10
, SACK blocks=[15,16,17,19]

[Receive] ACK packet ack=18[RENO] Fast Recovery completed, transition to CONGESTION_AVOIDANCE (cwnd=7, ssthresh=7)
, SACK blocks=[19,20,21]

[Window Slide] base: 14 -> 18
[Send] Data packet seq=22, length=8172, window[18,24], cwnd=7
[Send] Data packet seq=23, length=8172, window[18,24], cwnd=7
[Send] Data packet seq=24, length=8172, window[18,24], cwnd=7
[Receive] ACK packet ack=18[RENO] Duplicate ACK received (count=1, ack=18)
, SACK blocks=[19,20,21,22]

[Receive] ACK packet ack=18[RENO] Duplicate ACK received (count=2, ack=18)
, SACK blocks=[19,20,21,22]

[Receive] ACK packet ack=18[RENO] Duplicate ACK received (count=3, ack=18)
[RENO] Fast Retransmit triggered (3 duplicate ACKs)
[RENO] Entering FAST_RECOVERY (cwnd=3, ssthresh=3)
, SACK blocks=[19,20,21,22]

[RENO] Fast Retransmit: retransmitting seq=18
[RENO] Timeout detected
[RENO] Timeout recovery: entering SLOW_START (cwnd=1, ssthresh=2)
[Timeout Retransmit] seq=18, elapsed 542ms
[Timeout Retransmit] seq=23, elapsed 588ms
[Timeout Retransmit] seq=24, elapsed 588ms
[Receive] ACK packet ack=25[RENO] Phase transition: SLOW_START -> CONGESTION_AVOIDANCE (cwnd=2, ssthresh=2)

[Window Slide] base: 18 -> 25
[Send] Data packet seq=25, length=8172, window[25,26], cwnd=2
[Send] Data packet seq=26, length=8172, window[25,26], cwnd=2
[Receive] ACK packet ack=25[RENO] Duplicate ACK received (count=1, ack=25)

[Receive] ACK packet ack=25[RENO] Duplicate ACK received (count=2, ack=25)

[Receive] ACK packet ack=26
[Window Slide] base: 25 -> 26
[Send] Data packet seq=27, length=8172, window[26,27], cwnd=2
[Receive] ACK packet ack=27[RENO] Congestion Avoidance: cwnd increased to 3

[Window Slide] base: 26 -> 27
[Send] Data packet seq=28, length=8172, window[27,29], cwnd=3
[Send] Data packet seq=29, length=8172, window[27,29], cwnd=3
[Receive] ACK packet ack=28
[Window Slide] base: 27 -> 28
[Send] Data packet seq=30, length=8172, window[28,30], cwnd=3
[Receive] ACK packet ack=29
[Window Slide] base: 28 -> 29
[Send] Data packet seq=31, length=8172, window[29,31], cwnd=3
[Receive] ACK packet ack=30[RENO] Congestion Avoidance: cwnd increased to 4

[Window Slide] base: 29 -> 30
[Send] Data packet seq=32, length=8172, window[30,33], cwnd=4
[Send] Data packet seq=33, length=8172, window[30,33], cwnd=4
[Receive] ACK packet ack=31
[Window Slide] base: 30 -> 31
[Send] Data packet seq=34, length=8172, window[31,34], cwnd=4
[Receive] ACK packet ack=31[RENO] Duplicate ACK received (count=1, ack=31)
, SACK blocks=[32]

[Receive] ACK packet ack=31[RENO] Duplicate ACK received (count=2, ack=31)
, SACK blocks=[32,33]

[Receive] ACK packet ack=31[RENO] Duplicate ACK received (count=3, ack=31)
[RENO] Fast Retransmit triggered (3 duplicate ACKs)
[RENO] Entering FAST_RECOVERY (cwnd=2, ssthresh=2)
, SACK blocks=[32,33,34]

[RENO] Fast Retransmit: retransmitting seq=31
[Receive] ACK packet ack=35[RENO] Fast Recovery completed, transition to CONGESTION_AVOIDANCE (cwnd=2, ssthresh=2)

[Window Slide] base: 31 -> 35
[Send] Data packet seq=35, length=8172, window[35,36], cwnd=2
[Send] Data packet seq=36, length=8172, window[35,36], cwnd=2
[Receive] ACK packet ack=36[RENO] Congestion Avoidance: cwnd increased to 3

[Window Slide] base: 35 -> 36
[Send] Data packet seq=37, length=8172, window[36,38], cwnd=3
[Send] Data packet seq=38, length=8172, window[36,38], cwnd=3
[Receive] ACK packet ack=37
[Window Slide] base: 36 -> 37
[Send] Data packet seq=39, length=8172, window[37,39], cwnd=3
[Receive] ACK packet ack=38
[Window Slide] base: 37 -> 38
[Send] Data packet seq=40, length=8172, window[38,40], cwnd=3
[Receive] ACK packet ack=39[RENO] Congestion Avoidance: cwnd increased to 4

[Window Slide] base: 38 -> 39
[Send] Data packet seq=41, length=8172, window[39,42], cwnd=4
[Send] Data packet seq=42, length=8172, window[39,42], cwnd=4
[Receive] ACK packet ack=40
[Window Slide] base: 39 -> 40
[Send] Data packet seq=43, length=8172, window[40,43], cwnd=4
[Receive] ACK packet ack=41
[Window Slide] base: 40 -> 41
[Send] Data packet seq=44, length=8172, window[41,44], cwnd=4
[Receive] ACK packet ack=42
[Window Slide] base: 41 -> 42
[Send] Data packet seq=45, length=8172, window[42,45], cwnd=4
[Receive] ACK packet ack=43[RENO] Congestion Avoidance: cwnd increased to 5

[Window Slide] base: 42 -> 43
[Send] Data packet seq=46, length=8172, window[43,47], cwnd=5
[Send] Data packet seq=47, length=8172, window[43,47], cwnd=5
[Receive] ACK packet ack=44
[Window Slide] base: 43 -> 44
[Send] Data packet seq=48, length=8172, window[44,48], cwnd=5
[Receive] ACK packet ack=45
[Window Slide] base: 44 -> 45
[Send] Data packet seq=49, length=8172, window[45,49], cwnd=5
[Receive] ACK packet ack=46
[Window Slide] base: 45 -> 46
[Send] Data packet seq=50, length=8172, window[46,50], cwnd=5
[Receive] ACK packet ack=47
[Window Slide] base: 46 -> 47
[Send] Data packet seq=51, length=8172, window[47,51], cwnd=5
[Receive] ACK packet ack=48[RENO] Congestion Avoidance: cwnd increased to 6

[Window Slide] base: 47 -> 48
[Send] Data packet seq=52, length=8172, window[48,53], cwnd=6
[Send] Data packet seq=53, length=8172, window[48,53], cwnd=6
[Receive] ACK packet ack=49
[Window Slide] base: 48 -> 49
[Send] Data packet seq=54, length=8172, window[49,54], cwnd=6
[Receive] ACK packet ack=50
[Window Slide] base: 49 -> 50
[Send] Data packet seq=55, length=8172, window[50,55], cwnd=6
[Receive] ACK packet ack=51
[Window Slide] base: 50 -> 51
[Send] Data packet seq=56, length=8172, window[51,56], cwnd=6
[Receive] ACK packet ack=51[RENO] Duplicate ACK received (count=1, ack=51)
, SACK blocks=[52]

[Receive] ACK packet ack=51[RENO] Duplicate ACK received (count=2, ack=51)
, SACK blocks=[52,53]

[Receive] ACK packet ack=51[RENO] Duplicate ACK received (count=3, ack=51)
[RENO] Fast Retransmit triggered (3 duplicate ACKs)
[RENO] Entering FAST_RECOVERY (cwnd=3, ssthresh=3)
, SACK blocks=[52,53,54]

[RENO] Fast Retransmit: retransmitting seq=51
[Receive] ACK packet ack=51[RENO] Duplicate ACK received (count=4, ack=51)
[RENO] Fast Recovery: cwnd inflated to 4
, SACK blocks=[52,53,54,55]

[Receive] ACK packet ack=51[RENO] Duplicate ACK received (count=5, ack=51)
[RENO] Fast Recovery: cwnd inflated to 5
, SACK blocks=[52,53,54,55]

[RENO] Timeout detected
[RENO] Timeout recovery: entering SLOW_START (cwnd=1, ssthresh=2)
[Timeout Retransmit] seq=56, elapsed 509ms
[Receive] ACK packet ack=51[RENO] Duplicate ACK received (count=1, ack=51)
, SACK blocks=[52,53,54,55]

[RENO] Timeout detected
[RENO] Timeout recovery: entering SLOW_START (cwnd=1, ssthresh=2)
[Timeout Retransmit] seq=51, elapsed 586ms
[Receive] ACK packet ack=57[RENO] Phase transition: SLOW_START -> CONGESTION_AVOIDANCE (cwnd=2, ssthresh=2)

[Window Slide] base: 51 -> 57
[Send] Data packet seq=57, length=8172, window[57,58], cwnd=2
[Send] Data packet seq=58, length=8172, window[57,58], cwnd=2
[Receive] ACK packet ack=58[RENO] Congestion Avoidance: cwnd increased to 3

[Window Slide] base: 57 -> 58
[Send] Data packet seq=59, length=8172, window[58,60], cwnd=3
[Send] Data packet seq=60, length=8172, window[58,60], cwnd=3
[Receive] ACK packet ack=59
[Window Slide] base: 58 -> 59
[Send] Data packet seq=61, length=8172, window[59,61], cwnd=3
[Receive] ACK packet ack=59[RENO] Duplicate ACK received (count=1, ack=59)
, SACK blocks=[60]

[Receive] ACK packet ack=59[RENO] Duplicate ACK received (count=2, ack=59)
, SACK blocks=[60,61]

[RENO] Timeout detected
[RENO] Timeout recovery: entering SLOW_START (cwnd=1, ssthresh=2)
[Timeout Retransmit] seq=59, elapsed 584ms
[Receive] ACK packet ack=62[RENO] Phase transition: SLOW_START -> CONGESTION_AVOIDANCE (cwnd=2, ssthresh=2)

[Window Slide] base: 59 -> 62
[Send] Data packet seq=62, length=8172, window[62,63], cwnd=2
[Send] Data packet seq=63, length=8172, window[62,63], cwnd=2
[Receive] ACK packet ack=63[RENO] Congestion Avoidance: cwnd increased to 3

[Window Slide] base: 62 -> 63
[Send] Data packet seq=64, length=8172, window[63,65], cwnd=3
[Send] Data packet seq=65, length=8172, window[63,65], cwnd=3
[Receive] ACK packet ack=64
[Window Slide] base: 63 -> 64
[Send] Data packet seq=66, length=8172, window[64,66], cwnd=3
[Receive] ACK packet ack=65
[Window Slide] base: 64 -> 65
[Send] Data packet seq=67, length=8172, window[65,67], cwnd=3
[Receive] ACK packet ack=66[RENO] Congestion Avoidance: cwnd increased to 4

[Window Slide] base: 65 -> 66
[Send] Data packet seq=68, length=8172, window[66,69], cwnd=4
[Send] Data packet seq=69, length=8172, window[66,69], cwnd=4
[Receive] ACK packet ack=67
[Window Slide] base: 66 -> 67
[Send] Data packet seq=70, length=8172, window[67,70], cwnd=4
[Receive] ACK packet ack=68
[Window Slide] base: 67 -> 68
[Send] Data packet seq=71, length=8172, window[68,71], cwnd=4
[Receive] ACK packet ack=69
[Window Slide] base: 68 -> 69
[Send] Data packet seq=72, length=8172, window[69,72], cwnd=4
[Receive] ACK packet ack=70[RENO] Congestion Avoidance: cwnd increased to 5

[Window Slide] base: 69 -> 70
[Send] Data packet seq=73, length=8172, window[70,74], cwnd=5
[Send] Data packet seq=74, length=8172, window[70,74], cwnd=5
[Receive] ACK packet ack=71
[Window Slide] base: 70 -> 71
[Send] Data packet seq=75, length=8172, window[71,75], cwnd=5
[Receive] ACK packet ack=72
[Window Slide] base: 71 -> 72
[Send] Data packet seq=76, length=8172, window[72,76], cwnd=5
[Receive] ACK packet ack=73
[Window Slide] base: 72 -> 73
[Send] Data packet seq=77, length=8172, window[73,77], cwnd=5
[Receive] ACK packet ack=74
[Window Slide] base: 73 -> 74
[Send] Data packet seq=78, length=8172, window[74,78], cwnd=5
[Receive] ACK packet ack=75[RENO] Congestion Avoidance: cwnd increased to 6

[Window Slide] base: 74 -> 75
[Send] Data packet seq=79, length=8172, window[75,80], cwnd=6
[Send] Data packet seq=80, length=8172, window[75,80], cwnd=6
[Receive] ACK packet ack=76
[Window Slide] base: 75 -> 76
[Send] Data packet seq=81, length=8172, window[76,81], cwnd=6
[Receive] ACK packet ack=77
[Window Slide] base: 76 -> 77
[Send] Data packet seq=82, length=8172, window[77,82], cwnd=6
[Receive] ACK packet ack=78
[Window Slide] base: 77 -> 78
[Send] Data packet seq=83, length=8172, window[78,83], cwnd=6
[Receive] ACK packet ack=79
[Window Slide] base: 78 -> 79
[Send] Data packet seq=84, length=8172, window[79,84], cwnd=6
[Receive] ACK packet ack=80
[Window Slide] base: 79 -> 80
[Send] Data packet seq=85, length=8172, window[80,85], cwnd=6
[Receive] ACK packet ack=81[RENO] Congestion Avoidance: cwnd increased to 7

[Window Slide] base: 80 -> 81
[Send] Data packet seq=86, length=8172, window[81,87], cwnd=7
[Send] Data packet seq=87, length=8172, window[81,87], cwnd=7
[Receive] ACK packet ack=82
[Window Slide] base: 81 -> 82
[Send] Data packet seq=88, length=8172, window[82,88], cwnd=7
[Receive] ACK packet ack=83
[Window Slide] base: 82 -> 83
[Send] Data packet seq=89, length=8172, window[83,89], cwnd=7
[Receive] ACK packet ack=84
[Window Slide] base: 83 -> 84
[Send] Data packet seq=90, length=8172, window[84,90], cwnd=7
[Receive] ACK packet ack=85
[Window Slide] base: 84 -> 85
[Send] Data packet seq=91, length=8172, window[85,91], cwnd=7
[Receive] ACK packet ack=86
[Window Slide] base: 85 -> 86
[Send] Data packet seq=92, length=8172, window[86,92], cwnd=7
[Receive] ACK packet ack=87
[Window Slide] base: 86 -> 87
[Send] Data packet seq=93, length=8172, window[87,93], cwnd=7
[Receive] ACK packet ack=88[RENO] Congestion Avoidance: cwnd increased to 8

[Window Slide] base: 87 -> 88
[Send] Data packet seq=94, length=8172, window[88,95], cwnd=8
[Send] Data packet seq=95, length=8172, window[88,95], cwnd=8
[Receive] ACK packet ack=88[RENO] Duplicate ACK received (count=1, ack=88)
, SACK blocks=[89]

[Receive] ACK packet ack=88[RENO] Duplicate ACK received (count=2, ack=88)
, SACK blocks=[89,90]

[Receive] ACK packet ack=88[RENO] Duplicate ACK received (count=3, ack=88)
[RENO] Fast Retransmit triggered (3 duplicate ACKs)
[RENO] Entering FAST_RECOVERY (cwnd=4, ssthresh=4)
, SACK blocks=[89,90,91]

[RENO] Fast Retransmit: retransmitting seq=88
[Receive] ACK packet ack=88[RENO] Duplicate ACK received (count=4, ack=88)
[RENO] Fast Recovery: cwnd inflated to 5
, SACK blocks=[89,90,91,92]

[Receive] ACK packet ack=88[RENO] Duplicate ACK received (count=5, ack=88)
[RENO] Fast Recovery: cwnd inflated to 6
, SACK blocks=[89,90,91,92]

[Receive] ACK packet ack=88[RENO] Duplicate ACK received (count=6, ack=88)
[RENO] Fast Recovery: cwnd inflated to 7
, SACK blocks=[89,90,91,92]

[Receive] ACK packet ack=88[RENO] Duplicate ACK received (count=7, ack=88)
[RENO] Fast Recovery: cwnd inflated to 8
, SACK blocks=[89,90,91,92]

[Receive] ACK packet ack=96[RENO] Fast Recovery completed, transition to CONGESTION_AVOIDANCE (cwnd=4, ssthresh=4)

[Window Slide] base: 88 -> 96
[Send] Data packet seq=96, length=8172, window[96,99], cwnd=4
[Send] Data packet seq=97, length=8172, window[96,99], cwnd=4
[Send] Data packet seq=98, length=8172, window[96,99], cwnd=4
[Send] Data packet seq=99, length=8172, window[96,99], cwnd=4
[Receive] ACK packet ack=97
[Window Slide] base: 96 -> 97
[Send] Data packet seq=100, length=8172, window[97,100], cwnd=4
[Receive] ACK packet ack=98
[Window Slide] base: 97 -> 98
[Send] Data packet seq=101, length=8172, window[98,101], cwnd=4
[Receive] ACK packet ack=99
[Window Slide] base: 98 -> 99
[Send] Data packet seq=102, length=8172, window[99,102], cwnd=4
[Receive] ACK packet ack=100[RENO] Congestion Avoidance: cwnd increased to 5

[Window Slide] base: 99 -> 100
[Send] Data packet seq=103, length=8172, window[100,104], cwnd=5
[Send] Data packet seq=104, length=8172, window[100,104], cwnd=5
[Receive] ACK packet ack=101
[Window Slide] base: 100 -> 101
[Send] Data packet seq=105, length=8172, window[101,105], cwnd=5
[Receive] ACK packet ack=102
[Window Slide] base: 101 -> 102
[Send] Data packet seq=106, length=8172, window[102,106], cwnd=5
[Receive] ACK packet ack=103
[Window Slide] base: 102 -> 103
[Send] Data packet seq=107, length=8172, window[103,107], cwnd=5
[Receive] ACK packet ack=104
[Window Slide] base: 103 -> 104
[Send] Data packet seq=108, length=8172, window[104,108], cwnd=5
[Receive] ACK packet ack=105[RENO] Congestion Avoidance: cwnd increased to 6

[Window Slide] base: 104 -> 105
[Send] Data packet seq=109, length=8172, window[105,110], cwnd=6
[Send] Data packet seq=110, length=8172, window[105,110], cwnd=6
[Receive] ACK packet ack=106
[Window Slide] base: 105 -> 106
[Send] Data packet seq=111, length=8172, window[106,111], cwnd=6
[Receive] ACK packet ack=107
[Window Slide] base: 106 -> 107
[Send] Data packet seq=112, length=8172, window[107,112], cwnd=6
[Receive] ACK packet ack=108
[Window Slide] base: 107 -> 108
[Send] Data packet seq=113, length=8172, window[108,113], cwnd=6
[Receive] ACK packet ack=109
[Window Slide] base: 108 -> 109
[Send] Data packet seq=114, length=8172, window[109,114], cwnd=6
[Receive] ACK packet ack=110
[Window Slide] base: 109 -> 110
[Send] Data packet seq=115, length=8172, window[110,115], cwnd=6
[Receive] ACK packet ack=111[RENO] Congestion Avoidance: cwnd increased to 7

[Window Slide] base: 110 -> 111
[Send] Data packet seq=116, length=8172, window[111,117], cwnd=7
[Send] Data packet seq=117, length=8172, window[111,117], cwnd=7
[Receive] ACK packet ack=112
[Window Slide] base: 111 -> 112
[Send] Data packet seq=118, length=8172, window[112,118], cwnd=7
[Receive] ACK packet ack=113
[Window Slide] base: 112 -> 113
[Send] Data packet seq=119, length=8172, window[113,119], cwnd=7
[Receive] ACK packet ack=114
[Window Slide] base: 113 -> 114
[Send] Data packet seq=120, length=8172, window[114,120], cwnd=7
[Receive] ACK packet ack=115
[Window Slide] base: 114 -> 115
[Send] Data packet seq=121, length=8172, window[115,121], cwnd=7
[Receive] ACK packet ack=116
[Window Slide] base: 115 -> 116
[Send] Data packet seq=122, length=8172, window[116,122], cwnd=7
[Receive] ACK packet ack=117
[Window Slide] base: 116 -> 117
[Send] Data packet seq=123, length=8172, window[117,123], cwnd=7
[Receive] ACK packet ack=118[RENO] Congestion Avoidance: cwnd increased to 8

[Window Slide] base: 117 -> 118
[Send] Data packet seq=124, length=8172, window[118,125], cwnd=8
[Send] Data packet seq=125, length=8172, window[118,125], cwnd=8
[Receive] ACK packet ack=119
[Window Slide] base: 118 -> 119
[Send] Data packet seq=126, length=8172, window[119,126], cwnd=8
[Receive] ACK packet ack=119[RENO] Duplicate ACK received (count=1, ack=119)
, SACK blocks=[120]

[Receive] ACK packet ack=119[RENO] Duplicate ACK received (count=2, ack=119)
, SACK blocks=[120,121]

[Receive] ACK packet ack=119[RENO] Duplicate ACK received (count=3, ack=119)
[RENO] Fast Retransmit triggered (3 duplicate ACKs)
[RENO] Entering FAST_RECOVERY (cwnd=4, ssthresh=4)
, SACK blocks=[120,121,122]

[RENO] Fast Retransmit: retransmitting seq=119
[Receive] ACK packet ack=119[RENO] Duplicate ACK received (count=4, ack=119)
[RENO] Fast Recovery: cwnd inflated to 5
, SACK blocks=[120,121,122,123]

[Receive] ACK packet ack=119[RENO] Duplicate ACK received (count=5, ack=119)
[RENO] Fast Recovery: cwnd inflated to 6
, SACK blocks=[120,121,122,123]

[Receive] ACK packet ack=119[RENO] Duplicate ACK received (count=6, ack=119)
[RENO] Fast Recovery: cwnd inflated to 7
, SACK blocks=[120,121,122,123]

[Receive] ACK packet ack=119[RENO] Duplicate ACK received (count=7, ack=119)
[RENO] Fast Recovery: cwnd inflated to 8
, SACK blocks=[120,121,122,123]

[Receive] ACK packet ack=127[RENO] Fast Recovery completed, transition to CONGESTION_AVOIDANCE (cwnd=4, ssthresh=4)

[Window Slide] base: 119 -> 127
[Send] Data packet seq=127, length=8172, window[127,130], cwnd=4
[Send] Data packet seq=128, length=8172, window[127,130], cwnd=4
[Send] Data packet seq=129, length=8172, window[127,130], cwnd=4
[Send] Data packet seq=130, length=8172, window[127,130], cwnd=4
[Receive] ACK packet ack=128
[Window Slide] base: 127 -> 128
[Send] Data packet seq=131, length=8172, window[128,131], cwnd=4
[Receive] ACK packet ack=129
[Window Slide] base: 128 -> 129
[Send] Data packet seq=132, length=8172, window[129,132], cwnd=4
[Receive] ACK packet ack=130[RENO] Congestion Avoidance: cwnd increased to 5

[Window Slide] base: 129 -> 130
[Send] Data packet seq=133, length=8172, window[130,134], cwnd=5
[Send] Data packet seq=134, length=8172, window[130,134], cwnd=5
[Receive] ACK packet ack=131
[Window Slide] base: 130 -> 131
[Send] Data packet seq=135, length=8172, window[131,135], cwnd=5
[Receive] ACK packet ack=132
[Window Slide] base: 131 -> 132
[Send] Data packet seq=136, length=8172, window[132,136], cwnd=5
[Receive] ACK packet ack=133
[Window Slide] base: 132 -> 133
[Send] Data packet seq=137, length=8172, window[133,137], cwnd=5
[Receive] ACK packet ack=134
[Window Slide] base: 133 -> 134
[Send] Data packet seq=138, length=8172, window[134,138], cwnd=5
[Receive] ACK packet ack=135[RENO] Congestion Avoidance: cwnd increased to 6

[Window Slide] base: 134 -> 135
[Send] Data packet seq=139, length=8172, window[135,140], cwnd=6
[Send] Data packet seq=140, length=8172, window[135,140], cwnd=6
[Receive] ACK packet ack=136
[Window Slide] base: 135 -> 136
[Send] Data packet seq=141, length=8172, window[136,141], cwnd=6
[Receive] ACK packet ack=137
[Window Slide] base: 136 -> 137
[Send] Data packet seq=142, length=8172, window[137,142], cwnd=6
[Receive] ACK packet ack=138
[Window Slide] base: 137 -> 138
[Send] Data packet seq=143, length=8172, window[138,143], cwnd=6
[Receive] ACK packet ack=139
[Window Slide] base: 138 -> 139
[Send] Data packet seq=144, length=8172, window[139,144], cwnd=6
[Receive] ACK packet ack=140
[Window Slide] base: 139 -> 140
[Send] Data packet seq=145, length=8172, window[140,145], cwnd=6
[Receive] ACK packet ack=141[RENO] Congestion Avoidance: cwnd increased to 7

[Window Slide] base: 140 -> 141
[Send] Data packet seq=146, length=8172, window[141,147], cwnd=7
[Send] Data packet seq=147, length=8172, window[141,147], cwnd=7
[Receive] ACK packet ack=142
[Window Slide] base: 141 -> 142
[Send] Data packet seq=148, length=8172, window[142,148], cwnd=7
[Receive] ACK packet ack=143
[Window Slide] base: 142 -> 143
[Send] Data packet seq=149, length=8172, window[143,149], cwnd=7
[Receive] ACK packet ack=143[RENO] Duplicate ACK received (count=1, ack=143)
, SACK blocks=[144]

[Receive] ACK packet ack=143[RENO] Duplicate ACK received (count=2, ack=143)
, SACK blocks=[144,145]

[Receive] ACK packet ack=143[RENO] Duplicate ACK received (count=3, ack=143)
[RENO] Fast Retransmit triggered (3 duplicate ACKs)
[RENO] Entering FAST_RECOVERY (cwnd=3, ssthresh=3)
, SACK blocks=[144,145,146]

[RENO] Fast Retransmit: retransmitting seq=143
[Receive] ACK packet ack=143[RENO] Duplicate ACK received (count=4, ack=143)
[RENO] Fast Recovery: cwnd inflated to 4
, SACK blocks=[144,145,146,147]

[Receive] ACK packet ack=143[RENO] Duplicate ACK received (count=5, ack=143)
[RENO] Fast Recovery: cwnd inflated to 5
, SACK blocks=[144,145,146,147]

[Receive] ACK packet ack=143[RENO] Duplicate ACK received (count=6, ack=143)
[RENO] Fast Recovery: cwnd inflated to 6
, SACK blocks=[144,145,146,147]

[Receive] ACK packet ack=150[RENO] Fast Recovery completed, transition to CONGESTION_AVOIDANCE (cwnd=3, ssthresh=3)

[Window Slide] base: 143 -> 150
[Send] Data packet seq=150, length=8172, window[150,152], cwnd=3
[Send] Data packet seq=151, length=8172, window[150,152], cwnd=3
[Send] Data packet seq=152, length=8172, window[150,152], cwnd=3
[Receive] ACK packet ack=151[RENO] Congestion Avoidance: cwnd increased to 4

[Window Slide] base: 150 -> 151
[Send] Data packet seq=153, length=8172, window[151,154], cwnd=4
[Send] Data packet seq=154, length=8172, window[151,154], cwnd=4
[Receive] ACK packet ack=152
[Window Slide] base: 151 -> 152
[Send] Data packet seq=155, length=8172, window[152,155], cwnd=4
[Receive] ACK packet ack=153
[Window Slide] base: 152 -> 153
[Send] Data packet seq=156, length=8172, window[153,156], cwnd=4
[Receive] ACK packet ack=154
[Window Slide] base: 153 -> 154
[Send] Data packet seq=157, length=8172, window[154,157], cwnd=4
[Receive] ACK packet ack=155[RENO] Congestion Avoidance: cwnd increased to 5

[Window Slide] base: 154 -> 155
[Send] Data packet seq=158, length=8172, window[155,159], cwnd=5
[Send] Data packet seq=159, length=8172, window[155,159], cwnd=5
[Receive] ACK packet ack=156
[Window Slide] base: 155 -> 156
[Send] Data packet seq=160, length=8172, window[156,160], cwnd=5
[Receive] ACK packet ack=157
[Window Slide] base: 156 -> 157
[Send] Data packet seq=161, length=8172, window[157,161], cwnd=5
[Receive] ACK packet ack=158
[Window Slide] base: 157 -> 158
[Send] Data packet seq=162, length=8172, window[158,162], cwnd=5
[Receive] ACK packet ack=159
[Window Slide] base: 158 -> 159
[Send] Data packet seq=163, length=8172, window[159,163], cwnd=5
[Receive] ACK packet ack=159[RENO] Duplicate ACK received (count=1, ack=159)
, SACK blocks=[160]

[Receive] ACK packet ack=159[RENO] Duplicate ACK received (count=2, ack=159)
, SACK blocks=[160,161]

[Receive] ACK packet ack=159[RENO] Duplicate ACK received (count=3, ack=159)
[RENO] Fast Retransmit triggered (3 duplicate ACKs)
[RENO] Entering FAST_RECOVERY (cwnd=2, ssthresh=2)
, SACK blocks=[160,161,162]

[RENO] Fast Retransmit: retransmitting seq=159
[Receive] ACK packet ack=159[RENO] Duplicate ACK received (count=4, ack=159)
[RENO] Fast Recovery: cwnd inflated to 3
, SACK blocks=[160,161,162,163]

[Receive] ACK packet ack=164[RENO] Fast Recovery completed, transition to CONGESTION_AVOIDANCE (cwnd=2, ssthresh=2)

[Window Slide] base: 159 -> 164
[Send] Data packet seq=164, length=8172, window[164,165], cwnd=2
[Send] Data packet seq=165, length=8172, window[164,165], cwnd=2
[Receive] ACK packet ack=165[RENO] Congestion Avoidance: cwnd increased to 3

[Window Slide] base: 164 -> 165
[Send] Data packet seq=166, length=8172, window[165,167], cwnd=3
[Send] Data packet seq=167, length=8172, window[165,167], cwnd=3
[Receive] ACK packet ack=166
[Window Slide] base: 165 -> 166
[Send] Data packet seq=168, length=8172, window[166,168], cwnd=3
[Receive] ACK packet ack=167
[Window Slide] base: 166 -> 167
[Send] Data packet seq=169, length=8172, window[167,169], cwnd=3
[Receive] ACK packet ack=168[RENO] Congestion Avoidance: cwnd increased to 4

[Window Slide] base: 167 -> 168
[Send] Data packet seq=170, length=8172, window[168,171], cwnd=4
[Send] Data packet seq=171, length=8172, window[168,171], cwnd=4
[Receive] ACK packet ack=169
[Window Slide] base: 168 -> 169
[Send] Data packet seq=172, length=8172, window[169,172], cwnd=4
[Receive] ACK packet ack=170
[Window Slide] base: 169 -> 170
[Send] Data packet seq=173, length=8172, window[170,173], cwnd=4
[Receive] ACK packet ack=171
[Window Slide] base: 170 -> 171
[Send] Data packet seq=174, length=8172, window[171,174], cwnd=4
[Receive] ACK packet ack=172[RENO] Congestion Avoidance: cwnd increased to 5

[Window Slide] base: 171 -> 172
[Send] Data packet seq=175, length=8172, window[172,176], cwnd=5
[Send] Data packet seq=176, length=8172, window[172,176], cwnd=5
[Receive] ACK packet ack=173
[Window Slide] base: 172 -> 173
[Send] Data packet seq=177, length=8172, window[173,177], cwnd=5
[Receive] ACK packet ack=174
[Window Slide] base: 173 -> 174
[Send] Data packet seq=178, length=8172, window[174,178], cwnd=5
[Receive] ACK packet ack=175
[Window Slide] base: 174 -> 175
[Send] Data packet seq=179, length=8172, window[175,179], cwnd=5
[Receive] ACK packet ack=176
[Window Slide] base: 175 -> 176
[Send] Data packet seq=180, length=8172, window[176,180], cwnd=5
[Receive] ACK packet ack=177[RENO] Congestion Avoidance: cwnd increased to 6

[Window Slide] base: 176 -> 177
[Send] Data packet seq=181, length=8172, window[177,182], cwnd=6
[Send] Data packet seq=182, length=8172, window[177,182], cwnd=6
[Receive] ACK packet ack=178
[Window Slide] base: 177 -> 178
[Send] Data packet seq=183, length=8172, window[178,183], cwnd=6
[Receive] ACK packet ack=179
[Window Slide] base: 178 -> 179
[Send] Data packet seq=184, length=8172, window[179,184], cwnd=6
[Receive] ACK packet ack=180
[Window Slide] base: 179 -> 180
[Send] Data packet seq=185, length=8172, window[180,185], cwnd=6
[Receive] ACK packet ack=181
[Window Slide] base: 180 -> 181
[Send] Data packet seq=186, length=8172, window[181,186], cwnd=6
[Receive] ACK packet ack=182
[Window Slide] base: 181 -> 182
[Send] Data packet seq=187, length=8172, window[182,187], cwnd=6
[Receive] ACK packet ack=183[RENO] Congestion Avoidance: cwnd increased to 7

[Window Slide] base: 182 -> 183
[Send] Data packet seq=188, length=8172, window[183,189], cwnd=7
[Send] Data packet seq=189, length=8172, window[183,189], cwnd=7
[Receive] ACK packet ack=184
[Window Slide] base: 183 -> 184
[Send] Data packet seq=190, length=8172, window[184,190], cwnd=7
[Receive] ACK packet ack=185
[Window Slide] base: 184 -> 185
[Send] Data packet seq=191, length=8172, window[185,191], cwnd=7
[Receive] ACK packet ack=186
[Window Slide] base: 185 -> 186
[Send] Data packet seq=192, length=8172, window[186,192], cwnd=7
[Receive] ACK packet ack=187
[Window Slide] base: 186 -> 187
[Send] Data packet seq=193, length=8172, window[187,193], cwnd=7
[Receive] ACK packet ack=188
[Window Slide] base: 187 -> 188
[Send] Data packet seq=194, length=8172, window[188,194], cwnd=7
[Receive] ACK packet ack=189
[Window Slide] base: 188 -> 189
[Send] Data packet seq=195, length=8172, window[189,195], cwnd=7
[Receive] ACK packet ack=190[RENO] Congestion Avoidance: cwnd increased to 8

[Window Slide] base: 189 -> 190
[Send] Data packet seq=196, length=8172, window[190,197], cwnd=8
[Send] Data packet seq=197, length=8172, window[190,197], cwnd=8
[Receive] ACK packet ack=191
[Window Slide] base: 190 -> 191
[Send] Data packet seq=198, length=8172, window[191,198], cwnd=8
[Receive] ACK packet ack=192
[Window Slide] base: 191 -> 192
[Send] Data packet seq=199, length=8172, window[192,199], cwnd=8
[Receive] ACK packet ack=193
[Window Slide] base: 192 -> 193
[Send] Data packet seq=200, length=8172, window[193,200], cwnd=8
[Receive] ACK packet ack=194
[Window Slide] base: 193 -> 194
[Send] Data packet seq=201, length=8172, window[194,201], cwnd=8
[Receive] ACK packet ack=195
[Window Slide] base: 194 -> 195
[Send] Data packet seq=202, length=8172, window[195,202], cwnd=8
[Receive] ACK packet ack=196
[Window Slide] base: 195 -> 196
[Send] Data packet seq=203, length=8172, window[196,203], cwnd=8
[Receive] ACK packet ack=197
[Window Slide] base: 196 -> 197
[Send] Data packet seq=204, length=8172, window[197,204], cwnd=8
[Receive] ACK packet ack=198[RENO] Congestion Avoidance: cwnd increased to 9

[Window Slide] base: 197 -> 198
[Send] Data packet seq=205, length=8172, window[198,205], cwnd=9
[Receive] ACK packet ack=199
[Window Slide] base: 198 -> 199
[Send] Data packet seq=206, length=8172, window[199,206], cwnd=9
[Receive] ACK packet ack=200
[Window Slide] base: 199 -> 200
[Send] Data packet seq=207, length=8172, window[200,207], cwnd=9
[Receive] ACK packet ack=200[RENO] Duplicate ACK received (count=1, ack=200)
, SACK blocks=[201]

[Receive] ACK packet ack=200[RENO] Duplicate ACK received (count=2, ack=200)
, SACK blocks=[201,202]

[Receive] ACK packet ack=200[RENO] Duplicate ACK received (count=3, ack=200)
[RENO] Fast Retransmit triggered (3 duplicate ACKs)
[RENO] Entering FAST_RECOVERY (cwnd=4, ssthresh=4)
, SACK blocks=[201,202,203]

[RENO] Fast Retransmit: retransmitting seq=200
[Receive] ACK packet ack=200[RENO] Duplicate ACK received (count=4, ack=200)
[RENO] Fast Recovery: cwnd inflated to 5
, SACK blocks=[201,202,203,204]

[Receive] ACK packet ack=200[RENO] Duplicate ACK received (count=5, ack=200)
[RENO] Fast Recovery: cwnd inflated to 6
, SACK blocks=[201,202,203,204]

[Receive] ACK packet ack=200[RENO] Duplicate ACK received (count=6, ack=200)
[RENO] Fast Recovery: cwnd inflated to 7
, SACK blocks=[201,202,203,204]

[Receive] ACK packet ack=206[RENO] Fast Recovery completed, transition to CONGESTION_AVOIDANCE (cwnd=4, ssthresh=4)
, SACK blocks=[207]

[Window Slide] base: 200 -> 206
[Send] Data packet seq=208, length=8172, window[206,209], cwnd=4
[Send] Data packet seq=209, length=8172, window[206,209], cwnd=4
[Receive] ACK packet ack=206[RENO] Duplicate ACK received (count=1, ack=206)
, SACK blocks=[207,208]

[Receive] ACK packet ack=206[RENO] Duplicate ACK received (count=2, ack=206)
, SACK blocks=[207,208,209]

[RENO] Timeout detected
[RENO] Timeout recovery: entering SLOW_START (cwnd=1, ssthresh=2)
[Timeout Retransmit] seq=206, elapsed 589ms
[Receive] ACK packet ack=210[RENO] Phase transition: SLOW_START -> CONGESTION_AVOIDANCE (cwnd=2, ssthresh=2)

[Window Slide] base: 206 -> 210
[Send] Data packet seq=210, length=8172, window[210,211], cwnd=2
[Send] Data packet seq=211, length=8172, window[210,211], cwnd=2
[Receive] ACK packet ack=211[RENO] Congestion Avoidance: cwnd increased to 3

[Window Slide] base: 210 -> 211
[Send] Data packet seq=212, length=8172, window[211,213], cwnd=3
[Send] Data packet seq=213, length=8172, window[211,213], cwnd=3
[Receive] ACK packet ack=212
[Window Slide] base: 211 -> 212
[Send] Data packet seq=214, length=8172, window[212,214], cwnd=3
[Receive] ACK packet ack=213
[Window Slide] base: 212 -> 213
[Send] Data packet seq=215, length=8172, window[213,215], cwnd=3
[Receive] ACK packet ack=214[RENO] Congestion Avoidance: cwnd increased to 4

[Window Slide] base: 213 -> 214
[Send] Data packet seq=216, length=8172, window[214,217], cwnd=4
[Send] Data packet seq=217, length=8172, window[214,217], cwnd=4
[Receive] ACK packet ack=215
[Window Slide] base: 214 -> 215
[Send] Data packet seq=218, length=8172, window[215,218], cwnd=4
[Receive] ACK packet ack=216
[Window Slide] base: 215 -> 216
[Send] Data packet seq=219, length=8172, window[216,219], cwnd=4
[Receive] ACK packet ack=217
[Window Slide] base: 216 -> 217
[Send] Data packet seq=220, length=8172, window[217,220], cwnd=4
[Receive] ACK packet ack=218[RENO] Congestion Avoidance: cwnd increased to 5

[Window Slide] base: 217 -> 218
[Send] Data packet seq=221, length=8172, window[218,222], cwnd=5
[Send] Data packet seq=222, length=8172, window[218,222], cwnd=5
[Receive] ACK packet ack=219
[Window Slide] base: 218 -> 219
[Send] Data packet seq=223, length=8172, window[219,223], cwnd=5
[Receive] ACK packet ack=220
[Window Slide] base: 219 -> 220
[Send] Data packet seq=224, length=8172, window[220,224], cwnd=5
[Receive] ACK packet ack=221
[Window Slide] base: 220 -> 221
[Send] Data packet seq=225, length=8172, window[221,225], cwnd=5
[Receive] ACK packet ack=222
[Window Slide] base: 221 -> 222
[Send] Data packet seq=226, length=8172, window[222,226], cwnd=5
[Receive] ACK packet ack=223[RENO] Congestion Avoidance: cwnd increased to 6

[Window Slide] base: 222 -> 223
[Send] Data packet seq=227, length=8172, window[223,228], cwnd=6
[Send] Data packet seq=228, length=2309, window[223,228], cwnd=6
[Receive] ACK packet ack=224
[Window Slide] base: 223 -> 224
[Receive] ACK packet ack=225
[Window Slide] base: 224 -> 225
[Receive] ACK packet ack=226
[Window Slide] base: 225 -> 226
[Receive] ACK packet ack=227
[Window Slide] base: 226 -> 227
[Receive] ACK packet ack=228
[Window Slide] base: 227 -> 228
[Receive] ACK packet ack=229[RENO] Congestion Avoidance: cwnd increased to 7

[Window Slide] base: 228 -> 229
[Pipeline Send] Data transmission completed, sent 228 packets
[RENO] Final state: cwnd=7, ssthresh=2, phase=CONGESTION_AVOIDANCE
[Transfer] File '1.jpg' transferred successfully!

[Summary] File transfer succeeded

[Four-way Handshake] Starting connection closure...
[State Transition] ESTABLISHED -> FIN_WAIT_1
[Sent] FIN packet (seq=229)
[Received] ACK packet (ack=230)
[State Transition] FIN_WAIT_1 -> FIN_WAIT_2
[Received] FIN packet (seq=1)
[Sent] ACK packet (ack=2)
[State Transition] FIN_WAIT_2 -> TIME_WAIT
[Waiting] TIME_WAIT state, waiting for 4000ms...
[State Transition] TIME_WAIT -> CLOSED
[Success] Connection closed!


========== Client Transmission Statistics ==========
Total Packets Sent (incl. retrans): 244
Total Retransmissions: 16
====================================================

Client program ended
