
[Three-way Handshake] Starting connection establishment...
[State Transition] CLOSED -> SYN_SENT
[Sent] SYN packet (seq=0, retry count=0)
[Received] SYN+ACK packet (seq=0, ack=1)
[Sent] ACK packet (seq=1, ack=1)
[State Transition] SYN_SENT -> ESTABLISHED
[Success] Connection established!


===== Single File Transfer Mode (window size=16) =====
[RENO] RENO congestion control enabled

========== testfile Directory Files ==========
  [1] 1.jpg
  [2] 2.jpg
  [3] 3.jpg
  [4] helloworld.txt
===============================================
Please enter the filename to transfer: [Info] Read file '1.jpg', size: 1857353 bytes

[Transfer] Starting transfer of '1.jpg'...

[Pipeline Send] Starting to send data, total length=1857353, total packets=228, initial window size=16
[RENO] Initial state: cwnd=1, ssthresh=16, phase=SLOW_START
[Send] Data packet seq=1, length=8172, window[1,1], cwnd=1
[Receive] ACK packet ack=2[RENO] Slow Start: cwnd=2, ssthresh=16

[Window Slide] base: 1 -> 2
[Send] Data packet seq=2, length=8172, window[2,3], cwnd=2
[Send] Data packet seq=3, length=8172, window[2,3], cwnd=2
[Receive] ACK packet ack=2[RENO] Duplicate ACK received (count=1, ack=2)
, SACK blocks=[3]

[RENO] Timeout detected
[RENO] Timeout recovery: entering SLOW_START (cwnd=1, ssthresh=2)
[Timeout Retransmit] seq=2, elapsed 558ms
[Receive] ACK packet ack=4[RENO] Phase transition: SLOW_START -> CONGESTION_AVOIDANCE (cwnd=2, ssthresh=2)

[Window Slide] base: 2 -> 4
[Send] Data packet seq=4, length=8172, window[4,5], cwnd=2
[Send] Data packet seq=5, length=8172, window[4,5], cwnd=2
[Receive] ACK packet ack=5
[Window Slide] base: 4 -> 5
[Send] Data packet seq=6, length=8172, window[5,6], cwnd=2
[Receive] ACK packet ack=6[RENO] Congestion Avoidance: cwnd increased to 3

[Window Slide] base: 5 -> 6
[Send] Data packet seq=7, length=8172, window[6,8], cwnd=3
[Send] Data packet seq=8, length=8172, window[6,8], cwnd=3
[Receive] ACK packet ack=7
[Window Slide] base: 6 -> 7
[Send] Data packet seq=9, length=8172, window[7,9], cwnd=3
[Receive] ACK packet ack=7[RENO] Duplicate ACK received (count=1, ack=7)
, SACK blocks=[8]

[Receive] ACK packet ack=7[RENO] Duplicate ACK received (count=2, ack=7)
, SACK blocks=[8,9]

[RENO] Timeout detected
[RENO] Timeout recovery: entering SLOW_START (cwnd=1, ssthresh=2)
[Timeout Retransmit] seq=7, elapsed 589ms
[RENO] Timeout detected
[RENO] Timeout recovery: entering SLOW_START (cwnd=1, ssthresh=2)
[Timeout Retransmit] seq=7, elapsed 541ms
[RENO] Timeout detected
[RENO] Timeout recovery: entering SLOW_START (cwnd=1, ssthresh=2)
[Timeout Retransmit] seq=7, elapsed 541ms
[Receive] ACK packet ack=10[RENO] Phase transition: SLOW_START -> CONGESTION_AVOIDANCE (cwnd=2, ssthresh=2)

[Window Slide] base: 7 -> 10
[Send] Data packet seq=10, length=8172, window[10,11], cwnd=2
[Send] Data packet seq=11, length=8172, window[10,11], cwnd=2
[Receive] ACK packet ack=11[RENO] Congestion Avoidance: cwnd increased to 3

[Window Slide] base: 10 -> 11
[Send] Data packet seq=12, length=8172, window[11,13], cwnd=3
[Send] Data packet seq=13, length=8172, window[11,13], cwnd=3
[Receive] ACK packet ack=12
[Window Slide] base: 11 -> 12
[Send] Data packet seq=14, length=8172, window[12,14], cwnd=3
[Receive] ACK packet ack=13
[Window Slide] base: 12 -> 13
[Send] Data packet seq=15, length=8172, window[13,15], cwnd=3
[Receive] ACK packet ack=14[RENO] Congestion Avoidance: cwnd increased to 4

[Window Slide] base: 13 -> 14
[Send] Data packet seq=16, length=8172, window[14,17], cwnd=4
[Send] Data packet seq=17, length=8172, window[14,17], cwnd=4
[Receive] ACK packet ack=15
[Window Slide] base: 14 -> 15
[Send] Data packet seq=18, length=8172, window[15,18], cwnd=4
[Receive] ACK packet ack=16
[Window Slide] base: 15 -> 16
[Send] Data packet seq=19, length=8172, window[16,19], cwnd=4
[Receive] ACK packet ack=17
[Window Slide] base: 16 -> 17
[Send] Data packet seq=20, length=8172, window[17,20], cwnd=4
[Receive] ACK packet ack=17[RENO] Duplicate ACK received (count=1, ack=17)
, SACK blocks=[18]

[Receive] ACK packet ack=17[RENO] Duplicate ACK received (count=2, ack=17)
, SACK blocks=[18,19]

[Receive] ACK packet ack=17[RENO] Duplicate ACK received (count=3, ack=17)
[RENO] Fast Retransmit triggered (3 duplicate ACKs)
[RENO] Entering FAST_RECOVERY (cwnd=2, ssthresh=2)
, SACK blocks=[18,19,20]

[RENO] Fast Retransmit: retransmitting seq=17
[Receive] ACK packet ack=21[RENO] Fast Recovery completed, transition to CONGESTION_AVOIDANCE (cwnd=2, ssthresh=2)

[Window Slide] base: 17 -> 21
[Send] Data packet seq=21, length=8172, window[21,22], cwnd=2
[Send] Data packet seq=22, length=8172, window[21,22], cwnd=2
[Receive] ACK packet ack=22[RENO] Congestion Avoidance: cwnd increased to 3

[Window Slide] base: 21 -> 22
[Send] Data packet seq=23, length=8172, window[22,24], cwnd=3
[Send] Data packet seq=24, length=8172, window[22,24], cwnd=3
[Receive] ACK packet ack=23
[Window Slide] base: 22 -> 23
[Send] Data packet seq=25, length=8172, window[23,25], cwnd=3
[Receive] ACK packet ack=24
[Window Slide] base: 23 -> 24
[Send] Data packet seq=26, length=8172, window[24,26], cwnd=3
[Receive] ACK packet ack=25[RENO] Congestion Avoidance: cwnd increased to 4

[Window Slide] base: 24 -> 25
[Send] Data packet seq=27, length=8172, window[25,28], cwnd=4
[Send] Data packet seq=28, length=8172, window[25,28], cwnd=4
[Receive] ACK packet ack=25[RENO] Duplicate ACK received (count=1, ack=25)
, SACK blocks=[26]

[Receive] ACK packet ack=25[RENO] Duplicate ACK received (count=2, ack=25)
, SACK blocks=[26,27]

[Receive] ACK packet ack=25[RENO] Duplicate ACK received (count=3, ack=25)
[RENO] Fast Retransmit triggered (3 duplicate ACKs)
[RENO] Entering FAST_RECOVERY (cwnd=2, ssthresh=2)
, SACK blocks=[26,27,28]

[RENO] Fast Retransmit: retransmitting seq=25
[Receive] ACK packet ack=29[RENO] Fast Recovery completed, transition to CONGESTION_AVOIDANCE (cwnd=2, ssthresh=2)

[Window Slide] base: 25 -> 29
[Send] Data packet seq=29, length=8172, window[29,30], cwnd=2
[Send] Data packet seq=30, length=8172, window[29,30], cwnd=2
[Receive] ACK packet ack=30
[Window Slide] base: 29 -> 30
[Send] Data packet seq=31, length=8172, window[30,31], cwnd=2
[Receive] ACK packet ack=30[RENO] Duplicate ACK received (count=1, ack=30)
, SACK blocks=[31]

[RENO] Timeout detected
[RENO] Timeout recovery: entering SLOW_START (cwnd=1, ssthresh=2)
[Timeout Retransmit] seq=30, elapsed 569ms
[Receive] ACK packet ack=32[RENO] Phase transition: SLOW_START -> CONGESTION_AVOIDANCE (cwnd=2, ssthresh=2)

[Window Slide] base: 30 -> 32
[Send] Data packet seq=32, length=8172, window[32,33], cwnd=2
[Send] Data packet seq=33, length=8172, window[32,33], cwnd=2
[Receive] ACK packet ack=33[RENO] Congestion Avoidance: cwnd increased to 3

[Window Slide] base: 32 -> 33
[Send] Data packet seq=34, length=8172, window[33,35], cwnd=3
[Send] Data packet seq=35, length=8172, window[33,35], cwnd=3
[Receive] ACK packet ack=34
[Window Slide] base: 33 -> 34
[Send] Data packet seq=36, length=8172, window[34,36], cwnd=3
[Receive] ACK packet ack=35
[Window Slide] base: 34 -> 35
[Send] Data packet seq=37, length=8172, window[35,37], cwnd=3
[Receive] ACK packet ack=36[RENO] Congestion Avoidance: cwnd increased to 4

[Window Slide] base: 35 -> 36
[Send] Data packet seq=38, length=8172, window[36,39], cwnd=4
[Send] Data packet seq=39, length=8172, window[36,39], cwnd=4
[Receive] ACK packet ack=37
[Window Slide] base: 36 -> 37
[Send] Data packet seq=40, length=8172, window[37,40], cwnd=4
[Receive] ACK packet ack=38
[Window Slide] base: 37 -> 38
[Send] Data packet seq=41, length=8172, window[38,41], cwnd=4
[Receive] ACK packet ack=39
[Window Slide] base: 38 -> 39
[Send] Data packet seq=42, length=8172, window[39,42], cwnd=4
[Receive] ACK packet ack=40[RENO] Congestion Avoidance: cwnd increased to 5

[Window Slide] base: 39 -> 40
[Send] Data packet seq=43, length=8172, window[40,44], cwnd=5
[Send] Data packet seq=44, length=8172, window[40,44], cwnd=5
[Receive] ACK packet ack=41
[Window Slide] base: 40 -> 41
[Send] Data packet seq=45, length=8172, window[41,45], cwnd=5
[Receive] ACK packet ack=42
[Window Slide] base: 41 -> 42
[Send] Data packet seq=46, length=8172, window[42,46], cwnd=5
[Receive] ACK packet ack=43
[Window Slide] base: 42 -> 43
[Send] Data packet seq=47, length=8172, window[43,47], cwnd=5
[Receive] ACK packet ack=44
[Window Slide] base: 43 -> 44
[Send] Data packet seq=48, length=8172, window[44,48], cwnd=5
[Receive] ACK packet ack=45[RENO] Congestion Avoidance: cwnd increased to 6

[Window Slide] base: 44 -> 45
[Send] Data packet seq=49, length=8172, window[45,50], cwnd=6
[Send] Data packet seq=50, length=8172, window[45,50], cwnd=6
[Receive] ACK packet ack=46
[Window Slide] base: 45 -> 46
[Send] Data packet seq=51, length=8172, window[46,51], cwnd=6
[Receive] ACK packet ack=47
[Window Slide] base: 46 -> 47
[Send] Data packet seq=52, length=8172, window[47,52], cwnd=6
[Receive] ACK packet ack=48
[Window Slide] base: 47 -> 48
[Send] Data packet seq=53, length=8172, window[48,53], cwnd=6
[Receive] ACK packet ack=49
[Window Slide] base: 48 -> 49
[Send] Data packet seq=54, length=8172, window[49,54], cwnd=6
[Receive] ACK packet ack=50
[Window Slide] base: 49 -> 50
[Send] Data packet seq=55, length=8172, window[50,55], cwnd=6
[Receive] ACK packet ack=51[RENO] Congestion Avoidance: cwnd increased to 7

[Window Slide] base: 50 -> 51
[Send] Data packet seq=56, length=8172, window[51,57], cwnd=7
[Send] Data packet seq=57, length=8172, window[51,57], cwnd=7
[Receive] ACK packet ack=52
[Window Slide] base: 51 -> 52
[Send] Data packet seq=58, length=8172, window[52,58], cwnd=7
[Receive] ACK packet ack=53
[Window Slide] base: 52 -> 53
[Send] Data packet seq=59, length=8172, window[53,59], cwnd=7
[Receive] ACK packet ack=54
[Window Slide] base: 53 -> 54
[Send] Data packet seq=60, length=8172, window[54,60], cwnd=7
[Receive] ACK packet ack=55
[Window Slide] base: 54 -> 55
[Send] Data packet seq=61, length=8172, window[55,61], cwnd=7
[Receive] ACK packet ack=56
[Window Slide] base: 55 -> 56
[Send] Data packet seq=62, length=8172, window[56,62], cwnd=7
[Receive] ACK packet ack=57
[Window Slide] base: 56 -> 57
[Send] Data packet seq=63, length=8172, window[57,63], cwnd=7
[Receive] ACK packet ack=58[RENO] Congestion Avoidance: cwnd increased to 8

[Window Slide] base: 57 -> 58
[Send] Data packet seq=64, length=8172, window[58,65], cwnd=8
[Send] Data packet seq=65, length=8172, window[58,65], cwnd=8
[Receive] ACK packet ack=59
[Window Slide] base: 58 -> 59
[Send] Data packet seq=66, length=8172, window[59,66], cwnd=8
[Receive] ACK packet ack=60
[Window Slide] base: 59 -> 60
[Send] Data packet seq=67, length=8172, window[60,67], cwnd=8
[Receive] ACK packet ack=61
[Window Slide] base: 60 -> 61
[Send] Data packet seq=68, length=8172, window[61,68], cwnd=8
[Receive] ACK packet ack=62
[Window Slide] base: 61 -> 62
[Send] Data packet seq=69, length=8172, window[62,69], cwnd=8
[Receive] ACK packet ack=63
[Window Slide] base: 62 -> 63
[Send] Data packet seq=70, length=8172, window[63,70], cwnd=8
[Receive] ACK packet ack=64
[Window Slide] base: 63 -> 64
[Send] Data packet seq=71, length=8172, window[64,71], cwnd=8
[Receive] ACK packet ack=64[RENO] Duplicate ACK received (count=1, ack=64)
, SACK blocks=[65]

[Receive] ACK packet ack=64[RENO] Duplicate ACK received (count=2, ack=64)
, SACK blocks=[65,66]

[Receive] ACK packet ack=64[RENO] Duplicate ACK received (count=3, ack=64)
[RENO] Fast Retransmit triggered (3 duplicate ACKs)
[RENO] Entering FAST_RECOVERY (cwnd=4, ssthresh=4)
, SACK blocks=[65,66,68]

[RENO] Fast Retransmit: retransmitting seq=64
[Receive] ACK packet ack=64[RENO] Duplicate ACK received (count=4, ack=64)
[RENO] Fast Recovery: cwnd inflated to 5
, SACK blocks=[65,66,68,69]

[Receive] ACK packet ack=64[RENO] Duplicate ACK received (count=5, ack=64)
[RENO] Fast Recovery: cwnd inflated to 6
, SACK blocks=[65,66,68,69]

[Receive] ACK packet ack=64[RENO] Duplicate ACK received (count=6, ack=64)
[RENO] Fast Recovery: cwnd inflated to 7
, SACK blocks=[65,66,68,69]

[Receive] ACK packet ack=67[RENO] Fast Recovery completed, transition to CONGESTION_AVOIDANCE (cwnd=4, ssthresh=4)
, SACK blocks=[68,69,70,71]

[Window Slide] base: 64 -> 67
[RENO] Timeout detected
[RENO] Timeout recovery: entering SLOW_START (cwnd=1, ssthresh=2)
[Timeout Retransmit] seq=67, elapsed 501ms
[RENO] Timeout detected
[RENO] Timeout recovery: entering SLOW_START (cwnd=1, ssthresh=2)
[Timeout Retransmit] seq=67, elapsed 542ms
[RENO] Timeout detected
[RENO] Timeout recovery: entering SLOW_START (cwnd=1, ssthresh=2)
[Timeout Retransmit] seq=67, elapsed 543ms
[Receive] ACK packet ack=72[RENO] Phase transition: SLOW_START -> CONGESTION_AVOIDANCE (cwnd=2, ssthresh=2)

[Window Slide] base: 67 -> 72
[Send] Data packet seq=72, length=8172, window[72,73], cwnd=2
[Send] Data packet seq=73, length=8172, window[72,73], cwnd=2
[Receive] ACK packet ack=73[RENO] Congestion Avoidance: cwnd increased to 3

[Window Slide] base: 72 -> 73
[Send] Data packet seq=74, length=8172, window[73,75], cwnd=3
[Send] Data packet seq=75, length=8172, window[73,75], cwnd=3
[Receive] ACK packet ack=74
[Window Slide] base: 73 -> 74
[Send] Data packet seq=76, length=8172, window[74,76], cwnd=3
[Receive] ACK packet ack=75
[Window Slide] base: 74 -> 75
[Send] Data packet seq=77, length=8172, window[75,77], cwnd=3
[Receive] ACK packet ack=76[RENO] Congestion Avoidance: cwnd increased to 4

[Window Slide] base: 75 -> 76
[Send] Data packet seq=78, length=8172, window[76,79], cwnd=4
[Send] Data packet seq=79, length=8172, window[76,79], cwnd=4
[Receive] ACK packet ack=77
[Window Slide] base: 76 -> 77
[Send] Data packet seq=80, length=8172, window[77,80], cwnd=4
[Receive] ACK packet ack=78
[Window Slide] base: 77 -> 78
[Send] Data packet seq=81, length=8172, window[78,81], cwnd=4
[Receive] ACK packet ack=79
[Window Slide] base: 78 -> 79
[Send] Data packet seq=82, length=8172, window[79,82], cwnd=4
[Receive] ACK packet ack=80[RENO] Congestion Avoidance: cwnd increased to 5

[Window Slide] base: 79 -> 80
[Send] Data packet seq=83, length=8172, window[80,84], cwnd=5
[Send] Data packet seq=84, length=8172, window[80,84], cwnd=5
[Receive] ACK packet ack=81
[Window Slide] base: 80 -> 81
[Send] Data packet seq=85, length=8172, window[81,85], cwnd=5
[Receive] ACK packet ack=82
[Window Slide] base: 81 -> 82
[Send] Data packet seq=86, length=8172, window[82,86], cwnd=5
[Receive] ACK packet ack=83
[Window Slide] base: 82 -> 83
[Send] Data packet seq=87, length=8172, window[83,87], cwnd=5
[Receive] ACK packet ack=84
[Window Slide] base: 83 -> 84
[Send] Data packet seq=88, length=8172, window[84,88], cwnd=5
[Receive] ACK packet ack=85[RENO] Congestion Avoidance: cwnd increased to 6

[Window Slide] base: 84 -> 85
[Send] Data packet seq=89, length=8172, window[85,90], cwnd=6
[Send] Data packet seq=90, length=8172, window[85,90], cwnd=6
[Receive] ACK packet ack=85[RENO] Duplicate ACK received (count=1, ack=85)
, SACK blocks=[86]

[Receive] ACK packet ack=85[RENO] Duplicate ACK received (count=2, ack=85)
, SACK blocks=[86,87]

[Receive] ACK packet ack=85[RENO] Duplicate ACK received (count=3, ack=85)
[RENO] Fast Retransmit triggered (3 duplicate ACKs)
[RENO] Entering FAST_RECOVERY (cwnd=3, ssthresh=3)
, SACK blocks=[86,87,88]

[RENO] Fast Retransmit: retransmitting seq=85
[Receive] ACK packet ack=85[RENO] Duplicate ACK received (count=4, ack=85)
[RENO] Fast Recovery: cwnd inflated to 4
, SACK blocks=[86,87,88,89]

[Receive] ACK packet ack=85[RENO] Duplicate ACK received (count=5, ack=85)
[RENO] Fast Recovery: cwnd inflated to 5
, SACK blocks=[86,87,88,89]

[Receive] ACK packet ack=91[RENO] Fast Recovery completed, transition to CONGESTION_AVOIDANCE (cwnd=3, ssthresh=3)

[Window Slide] base: 85 -> 91
[Send] Data packet seq=91, length=8172, window[91,93], cwnd=3
[Send] Data packet seq=92, length=8172, window[91,93], cwnd=3
[Send] Data packet seq=93, length=8172, window[91,93], cwnd=3
[Receive] ACK packet ack=92
[Window Slide] base: 91 -> 92
[Send] Data packet seq=94, length=8172, window[92,94], cwnd=3
[Receive] ACK packet ack=92[RENO] Duplicate ACK received (count=1, ack=92)
, SACK blocks=[93]

[Receive] ACK packet ack=92[RENO] Duplicate ACK received (count=2, ack=92)
, SACK blocks=[93,94]

[RENO] Timeout detected
[RENO] Timeout recovery: entering SLOW_START (cwnd=1, ssthresh=2)
[Timeout Retransmit] seq=92, elapsed 595ms
[Receive] ACK packet ack=95[RENO] Phase transition: SLOW_START -> CONGESTION_AVOIDANCE (cwnd=2, ssthresh=2)

[Window Slide] base: 92 -> 95
[Send] Data packet seq=95, length=8172, window[95,96], cwnd=2
[Send] Data packet seq=96, length=8172, window[95,96], cwnd=2
[Receive] ACK packet ack=96[RENO] Congestion Avoidance: cwnd increased to 3

[Window Slide] base: 95 -> 96
[Send] Data packet seq=97, length=8172, window[96,98], cwnd=3
[Send] Data packet seq=98, length=8172, window[96,98], cwnd=3
[Receive] ACK packet ack=97
[Window Slide] base: 96 -> 97
[Send] Data packet seq=99, length=8172, window[97,99], cwnd=3
[Receive] ACK packet ack=98
[Window Slide] base: 97 -> 98
[Send] Data packet seq=100, length=8172, window[98,100], cwnd=3
[Receive] ACK packet ack=99[RENO] Congestion Avoidance: cwnd increased to 4

[Window Slide] base: 98 -> 99
[Send] Data packet seq=101, length=8172, window[99,102], cwnd=4
[Send] Data packet seq=102, length=8172, window[99,102], cwnd=4
[Receive] ACK packet ack=100
[Window Slide] base: 99 -> 100
[Send] Data packet seq=103, length=8172, window[100,103], cwnd=4
[Receive] ACK packet ack=101
[Window Slide] base: 100 -> 101
[Send] Data packet seq=104, length=8172, window[101,104], cwnd=4
[Receive] ACK packet ack=102
[Window Slide] base: 101 -> 102
[Send] Data packet seq=105, length=8172, window[102,105], cwnd=4
[Receive] ACK packet ack=103[RENO] Congestion Avoidance: cwnd increased to 5

[Window Slide] base: 102 -> 103
[Send] Data packet seq=106, length=8172, window[103,107], cwnd=5
[Send] Data packet seq=107, length=8172, window[103,107], cwnd=5
[Receive] ACK packet ack=104
[Window Slide] base: 103 -> 104
[Send] Data packet seq=108, length=8172, window[104,108], cwnd=5
[Receive] ACK packet ack=105
[Window Slide] base: 104 -> 105
[Send] Data packet seq=109, length=8172, window[105,109], cwnd=5
[Receive] ACK packet ack=106
[Window Slide] base: 105 -> 106
[Send] Data packet seq=110, length=8172, window[106,110], cwnd=5
[Receive] ACK packet ack=107
[Window Slide] base: 106 -> 107
[Send] Data packet seq=111, length=8172, window[107,111], cwnd=5
[Receive] ACK packet ack=108[RENO] Congestion Avoidance: cwnd increased to 6

[Window Slide] base: 107 -> 108
[Send] Data packet seq=112, length=8172, window[108,113], cwnd=6
[Send] Data packet seq=113, length=8172, window[108,113], cwnd=6
[Receive] ACK packet ack=109
[Window Slide] base: 108 -> 109
[Send] Data packet seq=114, length=8172, window[109,114], cwnd=6
[Receive] ACK packet ack=110
[Window Slide] base: 109 -> 110
[Send] Data packet seq=115, length=8172, window[110,115], cwnd=6
[Receive] ACK packet ack=111
[Window Slide] base: 110 -> 111
[Send] Data packet seq=116, length=8172, window[111,116], cwnd=6
[Receive] ACK packet ack=112
[Window Slide] base: 111 -> 112
[Send] Data packet seq=117, length=8172, window[112,117], cwnd=6
[Receive] ACK packet ack=113
[Window Slide] base: 112 -> 113
[Send] Data packet seq=118, length=8172, window[113,118], cwnd=6
[Receive] ACK packet ack=114[RENO] Congestion Avoidance: cwnd increased to 7

[Window Slide] base: 113 -> 114
[Send] Data packet seq=119, length=8172, window[114,120], cwnd=7
[Send] Data packet seq=120, length=8172, window[114,120], cwnd=7
[Receive] ACK packet ack=115
[Window Slide] base: 114 -> 115
[Send] Data packet seq=121, length=8172, window[115,121], cwnd=7
[Receive] ACK packet ack=116
[Window Slide] base: 115 -> 116
[Send] Data packet seq=122, length=8172, window[116,122], cwnd=7
[Receive] ACK packet ack=117
[Window Slide] base: 116 -> 117
[Send] Data packet seq=123, length=8172, window[117,123], cwnd=7
[Receive] ACK packet ack=117[RENO] Duplicate ACK received (count=1, ack=117)
, SACK blocks=[118]

[Receive] ACK packet ack=117[RENO] Duplicate ACK received (count=2, ack=117)
, SACK blocks=[118,119]

[Receive] ACK packet ack=117[RENO] Duplicate ACK received (count=3, ack=117)
[RENO] Fast Retransmit triggered (3 duplicate ACKs)
[RENO] Entering FAST_RECOVERY (cwnd=3, ssthresh=3)
, SACK blocks=[118,119,120]

[RENO] Fast Retransmit: retransmitting seq=117
[Receive] ACK packet ack=117[RENO] Duplicate ACK received (count=4, ack=117)
[RENO] Fast Recovery: cwnd inflated to 4
, SACK blocks=[118,119,120,121]

[Receive] ACK packet ack=117[RENO] Duplicate ACK received (count=5, ack=117)
[RENO] Fast Recovery: cwnd inflated to 5
, SACK blocks=[118,119,120,121]

[Receive] ACK packet ack=117[RENO] Duplicate ACK received (count=6, ack=117)
[RENO] Fast Recovery: cwnd inflated to 6
, SACK blocks=[118,119,120,121]

[Receive] ACK packet ack=124[RENO] Fast Recovery completed, transition to CONGESTION_AVOIDANCE (cwnd=3, ssthresh=3)

[Window Slide] base: 117 -> 124
[Send] Data packet seq=124, length=8172, window[124,126], cwnd=3
[Send] Data packet seq=125, length=8172, window[124,126], cwnd=3
[Send] Data packet seq=126, length=8172, window[124,126], cwnd=3
[Receive] ACK packet ack=125[RENO] Congestion Avoidance: cwnd increased to 4

[Window Slide] base: 124 -> 125
[Send] Data packet seq=127, length=8172, window[125,128], cwnd=4
[Send] Data packet seq=128, length=8172, window[125,128], cwnd=4
[Receive] ACK packet ack=126
[Window Slide] base: 125 -> 126
[Send] Data packet seq=129, length=8172, window[126,129], cwnd=4
[Receive] ACK packet ack=127
[Window Slide] base: 126 -> 127
[Send] Data packet seq=130, length=8172, window[127,130], cwnd=4
[Receive] ACK packet ack=128
[Window Slide] base: 127 -> 128
[Send] Data packet seq=131, length=8172, window[128,131], cwnd=4
[Receive] ACK packet ack=129[RENO] Congestion Avoidance: cwnd increased to 5

[Window Slide] base: 128 -> 129
[Send] Data packet seq=132, length=8172, window[129,133], cwnd=5
[Send] Data packet seq=133, length=8172, window[129,133], cwnd=5
[Receive] ACK packet ack=130
[Window Slide] base: 129 -> 130
[Send] Data packet seq=134, length=8172, window[130,134], cwnd=5
[Receive] ACK packet ack=131
[Window Slide] base: 130 -> 131
[Send] Data packet seq=135, length=8172, window[131,135], cwnd=5
[Receive] ACK packet ack=132
[Window Slide] base: 131 -> 132
[Send] Data packet seq=136, length=8172, window[132,136], cwnd=5
[Receive] ACK packet ack=132[RENO] Duplicate ACK received (count=1, ack=132)
, SACK blocks=[133]

[Receive] ACK packet ack=132[RENO] Duplicate ACK received (count=2, ack=132)
, SACK blocks=[133,135]

[Receive] ACK packet ack=132[RENO] Duplicate ACK received (count=3, ack=132)
[RENO] Fast Retransmit triggered (3 duplicate ACKs)
[RENO] Entering FAST_RECOVERY (cwnd=2, ssthresh=2)
, SACK blocks=[133,135,136]

[RENO] Fast Retransmit: retransmitting seq=132
[Receive] ACK packet ack=134[RENO] Fast Recovery completed, transition to CONGESTION_AVOIDANCE (cwnd=2, ssthresh=2)
, SACK blocks=[135,136]

[Window Slide] base: 132 -> 134
[RENO] Timeout detected
[RENO] Timeout recovery: entering SLOW_START (cwnd=1, ssthresh=2)
[Timeout Retransmit] seq=134, elapsed 528ms
[Receive] ACK packet ack=137[RENO] Phase transition: SLOW_START -> CONGESTION_AVOIDANCE (cwnd=2, ssthresh=2)

[Window Slide] base: 134 -> 137
[Send] Data packet seq=137, length=8172, window[137,138], cwnd=2
[Send] Data packet seq=138, length=8172, window[137,138], cwnd=2
[Receive] ACK packet ack=137[RENO] Duplicate ACK received (count=1, ack=137)
, SACK blocks=[138]

[RENO] Timeout detected
[RENO] Timeout recovery: entering SLOW_START (cwnd=1, ssthresh=2)
[Timeout Retransmit] seq=137, elapsed 558ms
[Receive] ACK packet ack=139[RENO] Phase transition: SLOW_START -> CONGESTION_AVOIDANCE (cwnd=2, ssthresh=2)

[Window Slide] base: 137 -> 139
[Send] Data packet seq=139, length=8172, window[139,140], cwnd=2
[Send] Data packet seq=140, length=8172, window[139,140], cwnd=2
[Receive] ACK packet ack=140[RENO] Congestion Avoidance: cwnd increased to 3

[Window Slide] base: 139 -> 140
[Send] Data packet seq=141, length=8172, window[140,142], cwnd=3
[Send] Data packet seq=142, length=8172, window[140,142], cwnd=3
[Receive] ACK packet ack=141
[Window Slide] base: 140 -> 141
[Send] Data packet seq=143, length=8172, window[141,143], cwnd=3
[Receive] ACK packet ack=142
[Window Slide] base: 141 -> 142
[Send] Data packet seq=144, length=8172, window[142,144], cwnd=3
[Receive] ACK packet ack=143[RENO] Congestion Avoidance: cwnd increased to 4

[Window Slide] base: 142 -> 143
[Send] Data packet seq=145, length=8172, window[143,146], cwnd=4
[Send] Data packet seq=146, length=8172, window[143,146], cwnd=4
[Receive] ACK packet ack=144
[Window Slide] base: 143 -> 144
[Send] Data packet seq=147, length=8172, window[144,147], cwnd=4
[Receive] ACK packet ack=145
[Window Slide] base: 144 -> 145
[Send] Data packet seq=148, length=8172, window[145,148], cwnd=4
[Receive] ACK packet ack=146
[Window Slide] base: 145 -> 146
[Send] Data packet seq=149, length=8172, window[146,149], cwnd=4
[Receive] ACK packet ack=147[RENO] Congestion Avoidance: cwnd increased to 5

[Window Slide] base: 146 -> 147
[Send] Data packet seq=150, length=8172, window[147,151], cwnd=5
[Send] Data packet seq=151, length=8172, window[147,151], cwnd=5
[Receive] ACK packet ack=148
[Window Slide] base: 147 -> 148
[Send] Data packet seq=152, length=8172, window[148,152], cwnd=5
[Receive] ACK packet ack=149
[Window Slide] base: 148 -> 149
[Send] Data packet seq=153, length=8172, window[149,153], cwnd=5
[Receive] ACK packet ack=150
[Window Slide] base: 149 -> 150
[Send] Data packet seq=154, length=8172, window[150,154], cwnd=5
[Receive] ACK packet ack=151
[Window Slide] base: 150 -> 151
[Send] Data packet seq=155, length=8172, window[151,155], cwnd=5
[Receive] ACK packet ack=152[RENO] Congestion Avoidance: cwnd increased to 6

[Window Slide] base: 151 -> 152
[Send] Data packet seq=156, length=8172, window[152,157], cwnd=6
[Send] Data packet seq=157, length=8172, window[152,157], cwnd=6
[Receive] ACK packet ack=153
[Window Slide] base: 152 -> 153
[Send] Data packet seq=158, length=8172, window[153,158], cwnd=6
[Receive] ACK packet ack=154
[Window Slide] base: 153 -> 154
[Send] Data packet seq=159, length=8172, window[154,159], cwnd=6
[Receive] ACK packet ack=155
[Window Slide] base: 154 -> 155
[Send] Data packet seq=160, length=8172, window[155,160], cwnd=6
[Receive] ACK packet ack=155[RENO] Duplicate ACK received (count=1, ack=155)
, SACK blocks=[156]

[Receive] ACK packet ack=155[RENO] Duplicate ACK received (count=2, ack=155)
, SACK blocks=[156,157]

[Receive] ACK packet ack=155[RENO] Duplicate ACK received (count=3, ack=155)
[RENO] Fast Retransmit triggered (3 duplicate ACKs)
[RENO] Entering FAST_RECOVERY (cwnd=3, ssthresh=3)
, SACK blocks=[156,157,158]

[RENO] Fast Retransmit: retransmitting seq=155
[Receive] ACK packet ack=155[RENO] Duplicate ACK received (count=4, ack=155)
[RENO] Fast Recovery: cwnd inflated to 4
, SACK blocks=[156,157,158,159]

[Receive] ACK packet ack=155[RENO] Duplicate ACK received (count=5, ack=155)
[RENO] Fast Recovery: cwnd inflated to 5
, SACK blocks=[156,157,158,159]

[Receive] ACK packet ack=161[RENO] Fast Recovery completed, transition to CONGESTION_AVOIDANCE (cwnd=3, ssthresh=3)

[Window Slide] base: 155 -> 161
[Send] Data packet seq=161, length=8172, window[161,163], cwnd=3
[Send] Data packet seq=162, length=8172, window[161,163], cwnd=3
[Send] Data packet seq=163, length=8172, window[161,163], cwnd=3
[Receive] ACK packet ack=162[RENO] Congestion Avoidance: cwnd increased to 4

[Window Slide] base: 161 -> 162
[Send] Data packet seq=164, length=8172, window[162,165], cwnd=4
[Send] Data packet seq=165, length=8172, window[162,165], cwnd=4
[Receive] ACK packet ack=163
[Window Slide] base: 162 -> 163
[Send] Data packet seq=166, length=8172, window[163,166], cwnd=4
[Receive] ACK packet ack=164
[Window Slide] base: 163 -> 164
[Send] Data packet seq=167, length=8172, window[164,167], cwnd=4
[Receive] ACK packet ack=164[RENO] Duplicate ACK received (count=1, ack=164)
, SACK blocks=[165]

[Receive] ACK packet ack=164[RENO] Duplicate ACK received (count=2, ack=164)
, SACK blocks=[165,166]

[RENO] Timeout detected
[RENO] Timeout recovery: entering SLOW_START (cwnd=1, ssthresh=2)
[Timeout Retransmit] seq=164, elapsed 603ms
[Timeout Retransmit] seq=167, elapsed 573ms
[Receive] ACK packet ack=167[RENO] Phase transition: SLOW_START -> CONGESTION_AVOIDANCE (cwnd=2, ssthresh=2)

[Window Slide] base: 164 -> 167
[Send] Data packet seq=168, length=8172, window[167,168], cwnd=2
[Receive] ACK packet ack=168[RENO] Congestion Avoidance: cwnd increased to 3

[Window Slide] base: 167 -> 168
[Send] Data packet seq=169, length=8172, window[168,170], cwnd=3
[Send] Data packet seq=170, length=8172, window[168,170], cwnd=3
[Receive] ACK packet ack=169
[Window Slide] base: 168 -> 169
[Send] Data packet seq=171, length=8172, window[169,171], cwnd=3
[Receive] ACK packet ack=170
[Window Slide] base: 169 -> 170
[Send] Data packet seq=172, length=8172, window[170,172], cwnd=3
[Receive] ACK packet ack=171[RENO] Congestion Avoidance: cwnd increased to 4

[Window Slide] base: 170 -> 171
[Send] Data packet seq=173, length=8172, window[171,174], cwnd=4
[Send] Data packet seq=174, length=8172, window[171,174], cwnd=4
[Receive] ACK packet ack=172
[Window Slide] base: 171 -> 172
[Send] Data packet seq=175, length=8172, window[172,175], cwnd=4
[Receive] ACK packet ack=172[RENO] Duplicate ACK received (count=1, ack=172)
, SACK blocks=[173]

[Receive] ACK packet ack=172[RENO] Duplicate ACK received (count=2, ack=172)
, SACK blocks=[173,174]

[Receive] ACK packet ack=172[RENO] Duplicate ACK received (count=3, ack=172)
[RENO] Fast Retransmit triggered (3 duplicate ACKs)
[RENO] Entering FAST_RECOVERY (cwnd=2, ssthresh=2)
, SACK blocks=[173,174,175]

[RENO] Fast Retransmit: retransmitting seq=172
[Receive] ACK packet ack=176[RENO] Fast Recovery completed, transition to CONGESTION_AVOIDANCE (cwnd=2, ssthresh=2)

[Window Slide] base: 172 -> 176
[Send] Data packet seq=176, length=8172, window[176,177], cwnd=2
[Send] Data packet seq=177, length=8172, window[176,177], cwnd=2
[Receive] ACK packet ack=177[RENO] Congestion Avoidance: cwnd increased to 3

[Window Slide] base: 176 -> 177
[Send] Data packet seq=178, length=8172, window[177,179], cwnd=3
[Send] Data packet seq=179, length=8172, window[177,179], cwnd=3
[Receive] ACK packet ack=178
[Window Slide] base: 177 -> 178
[Send] Data packet seq=180, length=8172, window[178,180], cwnd=3
[Receive] ACK packet ack=179
[Window Slide] base: 178 -> 179
[Send] Data packet seq=181, length=8172, window[179,181], cwnd=3
[Receive] ACK packet ack=180[RENO] Congestion Avoidance: cwnd increased to 4

[Window Slide] base: 179 -> 180
[Send] Data packet seq=182, length=8172, window[180,183], cwnd=4
[Send] Data packet seq=183, length=8172, window[180,183], cwnd=4
[Receive] ACK packet ack=181
[Window Slide] base: 180 -> 181
[Send] Data packet seq=184, length=8172, window[181,184], cwnd=4
[Receive] ACK packet ack=182
[Window Slide] base: 181 -> 182
[Send] Data packet seq=185, length=8172, window[182,185], cwnd=4
[Receive] ACK packet ack=183
[Window Slide] base: 182 -> 183
[Send] Data packet seq=186, length=8172, window[183,186], cwnd=4
[Receive] ACK packet ack=184[RENO] Congestion Avoidance: cwnd increased to 5

[Window Slide] base: 183 -> 184
[Send] Data packet seq=187, length=8172, window[184,188], cwnd=5
[Send] Data packet seq=188, length=8172, window[184,188], cwnd=5
[Receive] ACK packet ack=185
[Window Slide] base: 184 -> 185
[Send] Data packet seq=189, length=8172, window[185,189], cwnd=5
[Receive] ACK packet ack=186
[Window Slide] base: 185 -> 186
[Send] Data packet seq=190, length=8172, window[186,190], cwnd=5
[Receive] ACK packet ack=187
[Window Slide] base: 186 -> 187
[Send] Data packet seq=191, length=8172, window[187,191], cwnd=5
[Receive] ACK packet ack=188
[Window Slide] base: 187 -> 188
[Send] Data packet seq=192, length=8172, window[188,192], cwnd=5
[Receive] ACK packet ack=189[RENO] Congestion Avoidance: cwnd increased to 6

[Window Slide] base: 188 -> 189
[Send] Data packet seq=193, length=8172, window[189,194], cwnd=6
[Send] Data packet seq=194, length=8172, window[189,194], cwnd=6
[Receive] ACK packet ack=190
[Window Slide] base: 189 -> 190
[Send] Data packet seq=195, length=8172, window[190,195], cwnd=6
[Receive] ACK packet ack=191
[Window Slide] base: 190 -> 191
[Send] Data packet seq=196, length=8172, window[191,196], cwnd=6
[Receive] ACK packet ack=192
[Window Slide] base: 191 -> 192
[Send] Data packet seq=197, length=8172, window[192,197], cwnd=6
[Receive] ACK packet ack=193
[Window Slide] base: 192 -> 193
[Send] Data packet seq=198, length=8172, window[193,198], cwnd=6
[Receive] ACK packet ack=194
[Window Slide] base: 193 -> 194
[Send] Data packet seq=199, length=8172, window[194,199], cwnd=6
[Receive] ACK packet ack=195[RENO] Congestion Avoidance: cwnd increased to 7

[Window Slide] base: 194 -> 195
[Send] Data packet seq=200, length=8172, window[195,201], cwnd=7
[Send] Data packet seq=201, length=8172, window[195,201], cwnd=7
[Receive] ACK packet ack=196
[Window Slide] base: 195 -> 196
[Send] Data packet seq=202, length=8172, window[196,202], cwnd=7
[Receive] ACK packet ack=197
[Window Slide] base: 196 -> 197
[Send] Data packet seq=203, length=8172, window[197,203], cwnd=7
[Receive] ACK packet ack=198
[Window Slide] base: 197 -> 198
[Send] Data packet seq=204, length=8172, window[198,204], cwnd=7
[Receive] ACK packet ack=199
[Window Slide] base: 198 -> 199
[Send] Data packet seq=205, length=8172, window[199,205], cwnd=7
[Receive] ACK packet ack=199[RENO] Duplicate ACK received (count=1, ack=199)
, SACK blocks=[200]

[Receive] ACK packet ack=199[RENO] Duplicate ACK received (count=2, ack=199)
, SACK blocks=[200,201]

[Receive] ACK packet ack=199[RENO] Duplicate ACK received (count=3, ack=199)
[RENO] Fast Retransmit triggered (3 duplicate ACKs)
[RENO] Entering FAST_RECOVERY (cwnd=3, ssthresh=3)
, SACK blocks=[200,201,202]

[RENO] Fast Retransmit: retransmitting seq=199
[Receive] ACK packet ack=199[RENO] Duplicate ACK received (count=4, ack=199)
[RENO] Fast Recovery: cwnd inflated to 4
, SACK blocks=[200,201,202,204]

[Receive] ACK packet ack=199[RENO] Duplicate ACK received (count=5, ack=199)
[RENO] Fast Recovery: cwnd inflated to 5
, SACK blocks=[200,201,202,204]

[Receive] ACK packet ack=203[RENO] Fast Recovery completed, transition to CONGESTION_AVOIDANCE (cwnd=3, ssthresh=3)
, SACK blocks=[204,205]

[Window Slide] base: 199 -> 203
[RENO] Timeout detected
[RENO] Timeout recovery: entering SLOW_START (cwnd=1, ssthresh=2)
[Timeout Retransmit] seq=203, elapsed 559ms
[Receive] ACK packet ack=206[RENO] Phase transition: SLOW_START -> CONGESTION_AVOIDANCE (cwnd=2, ssthresh=2)

[Window Slide] base: 203 -> 206
[Send] Data packet seq=206, length=8172, window[206,207], cwnd=2
[Send] Data packet seq=207, length=8172, window[206,207], cwnd=2
[Receive] ACK packet ack=207[RENO] Congestion Avoidance: cwnd increased to 3

[Window Slide] base: 206 -> 207
[Send] Data packet seq=208, length=8172, window[207,209], cwnd=3
[Send] Data packet seq=209, length=8172, window[207,209], cwnd=3
[Receive] ACK packet ack=208
[Window Slide] base: 207 -> 208
[Send] Data packet seq=210, length=8172, window[208,210], cwnd=3
[Receive] ACK packet ack=209
[Window Slide] base: 208 -> 209
[Send] Data packet seq=211, length=8172, window[209,211], cwnd=3
[Receive] ACK packet ack=210[RENO] Congestion Avoidance: cwnd increased to 4

[Window Slide] base: 209 -> 210
[Send] Data packet seq=212, length=8172, window[210,213], cwnd=4
[Send] Data packet seq=213, length=8172, window[210,213], cwnd=4
[Receive] ACK packet ack=211
[Window Slide] base: 210 -> 211
[Send] Data packet seq=214, length=8172, window[211,214], cwnd=4
[Receive] ACK packet ack=212
[Window Slide] base: 211 -> 212
[Send] Data packet seq=215, length=8172, window[212,215], cwnd=4
[Receive] ACK packet ack=213
[Window Slide] base: 212 -> 213
[Send] Data packet seq=216, length=8172, window[213,216], cwnd=4
[Receive] ACK packet ack=214[RENO] Congestion Avoidance: cwnd increased to 5

[Window Slide] base: 213 -> 214
[Send] Data packet seq=217, length=8172, window[214,218], cwnd=5
[Send] Data packet seq=218, length=8172, window[214,218], cwnd=5
[Receive] ACK packet ack=214[RENO] Duplicate ACK received (count=1, ack=214)
, SACK blocks=[215]

[Receive] ACK packet ack=214[RENO] Duplicate ACK received (count=2, ack=214)
, SACK blocks=[215,217]

[Receive] ACK packet ack=214[RENO] Duplicate ACK received (count=3, ack=214)
[RENO] Fast Retransmit triggered (3 duplicate ACKs)
[RENO] Entering FAST_RECOVERY (cwnd=2, ssthresh=2)
, SACK blocks=[215,217,218]

[RENO] Fast Retransmit: retransmitting seq=214
[Receive] ACK packet ack=216[RENO] Fast Recovery completed, transition to CONGESTION_AVOIDANCE (cwnd=2, ssthresh=2)
, SACK blocks=[217,218]

[Window Slide] base: 214 -> 216
[RENO] Timeout detected
[RENO] Timeout recovery: entering SLOW_START (cwnd=1, ssthresh=2)
[Timeout Retransmit] seq=216, elapsed 511ms
[Receive] ACK packet ack=219[RENO] Phase transition: SLOW_START -> CONGESTION_AVOIDANCE (cwnd=2, ssthresh=2)

[Window Slide] base: 216 -> 219
[Send] Data packet seq=219, length=8172, window[219,220], cwnd=2
[Send] Data packet seq=220, length=8172, window[219,220], cwnd=2
[Receive] ACK packet ack=220
[Window Slide] base: 219 -> 220
[Send] Data packet seq=221, length=8172, window[220,221], cwnd=2
[Receive] ACK packet ack=221[RENO] Congestion Avoidance: cwnd increased to 3

[Window Slide] base: 220 -> 221
[Send] Data packet seq=222, length=8172, window[221,223], cwnd=3
[Send] Data packet seq=223, length=8172, window[221,223], cwnd=3
[Receive] ACK packet ack=221[RENO] Duplicate ACK received (count=1, ack=221)
, SACK blocks=[222]

[Receive] ACK packet ack=221[RENO] Duplicate ACK received (count=2, ack=221)
, SACK blocks=[222,223]

[RENO] Timeout detected
[RENO] Timeout recovery: entering SLOW_START (cwnd=1, ssthresh=2)
[Timeout Retransmit] seq=221, elapsed 590ms
[RENO] Timeout detected
[RENO] Timeout recovery: entering SLOW_START (cwnd=1, ssthresh=2)
[Timeout Retransmit] seq=221, elapsed 543ms
[Receive] ACK packet ack=224[RENO] Phase transition: SLOW_START -> CONGESTION_AVOIDANCE (cwnd=2, ssthresh=2)

[Window Slide] base: 221 -> 224
[Send] Data packet seq=224, length=8172, window[224,225], cwnd=2
[Send] Data packet seq=225, length=8172, window[224,225], cwnd=2
[Receive] ACK packet ack=225
[Window Slide] base: 224 -> 225
[Send] Data packet seq=226, length=8172, window[225,226], cwnd=2
[Receive] ACK packet ack=226[RENO] Congestion Avoidance: cwnd increased to 3

[Window Slide] base: 225 -> 226
[Send] Data packet seq=227, length=8172, window[226,228], cwnd=3
[Send] Data packet seq=228, length=2309, window[226,228], cwnd=3
[Receive] ACK packet ack=227
[Window Slide] base: 226 -> 227
[Receive] ACK packet ack=228
[Window Slide] base: 227 -> 228
[Receive] ACK packet ack=229[RENO] Congestion Avoidance: cwnd increased to 4

[Window Slide] base: 228 -> 229
[Pipeline Send] Data transmission completed, sent 228 packets
[RENO] Final state: cwnd=4, ssthresh=2, phase=CONGESTION_AVOIDANCE
[Transfer] File '1.jpg' transferred successfully!

[Summary] File transfer succeeded

[Four-way Handshake] Starting connection closure...
[State Transition] ESTABLISHED -> FIN_WAIT_1
[Sent] FIN packet (seq=229)
[Received] ACK packet (ack=230)
[State Transition] FIN_WAIT_1 -> FIN_WAIT_2
[Received] FIN packet (seq=1)
[Sent] ACK packet (ack=2)
[State Transition] FIN_WAIT_2 -> TIME_WAIT
[Waiting] TIME_WAIT state, waiting for 4000ms...
[State Transition] TIME_WAIT -> CLOSED
[Success] Connection closed!


========== Client Transmission Statistics ==========
Total Packets Sent (incl. retrans): 255
Total Retransmissions: 27
====================================================

Client program ended
