
[Three-way Handshake] Starting connection establishment...
[State Transition] CLOSED -> SYN_SENT
[Sent] SYN packet (seq=0, retry count=0)
[Received] SYN+ACK packet (seq=0, ack=1)
[Sent] ACK packet (seq=1, ack=1)
[State Transition] SYN_SENT -> ESTABLISHED
[Success] Connection established!


===== Single File Transfer Mode (window size=32) =====
[RENO] RENO congestion control enabled

========== testfile Directory Files ==========
  [1] 1.jpg
  [2] 2.jpg
  [3] 3.jpg
  [4] helloworld.txt
===============================================
Please enter the filename to transfer: [Info] Read file '1.jpg', size: 1857353 bytes

[Transfer] Starting transfer of '1.jpg'...

[Pipeline Send] Starting to send data, total length=1857353, total packets=228, initial window size=32
[RENO] Initial state: cwnd=1, ssthresh=32, phase=SLOW_START
[Send] Data packet seq=1, length=8172, window[1,1], cwnd=1
[Receive] ACK packet ack=2[RENO] Slow Start: cwnd=2, ssthresh=32

[Window Slide] base: 1 -> 2
[Send] Data packet seq=2, length=8172, window[2,3], cwnd=2
[Send] Data packet seq=3, length=8172, window[2,3], cwnd=2
[Receive] ACK packet ack=3[RENO] Slow Start: cwnd=3, ssthresh=32

[Window Slide] base: 2 -> 3
[Send] Data packet seq=4, length=8172, window[3,5], cwnd=3
[Send] Data packet seq=5, length=8172, window[3,5], cwnd=3
[Receive] ACK packet ack=4[RENO] Slow Start: cwnd=4, ssthresh=32

[Window Slide] base: 3 -> 4
[Send] Data packet seq=6, length=8172, window[4,7], cwnd=4
[Send] Data packet seq=7, length=8172, window[4,7], cwnd=4
[Receive] ACK packet ack=5[RENO] Slow Start: cwnd=5, ssthresh=32

[Window Slide] base: 4 -> 5
[Send] Data packet seq=8, length=8172, window[5,9], cwnd=5
[Send] Data packet seq=9, length=8172, window[5,9], cwnd=5
[Receive] ACK packet ack=6[RENO] Slow Start: cwnd=6, ssthresh=32

[Window Slide] base: 5 -> 6
[Send] Data packet seq=10, length=8172, window[6,11], cwnd=6
[Send] Data packet seq=11, length=8172, window[6,11], cwnd=6
[Receive] ACK packet ack=7[RENO] Slow Start: cwnd=7, ssthresh=32

[Window Slide] base: 6 -> 7
[Send] Data packet seq=12, length=8172, window[7,13], cwnd=7
[Send] Data packet seq=13, length=8172, window[7,13], cwnd=7
[Receive] ACK packet ack=8[RENO] Slow Start: cwnd=8, ssthresh=32

[Window Slide] base: 7 -> 8
[Send] Data packet seq=14, length=8172, window[8,15], cwnd=8
[Send] Data packet seq=15, length=8172, window[8,15], cwnd=8
[Receive] ACK packet ack=9[RENO] Slow Start: cwnd=9, ssthresh=32

[Window Slide] base: 8 -> 9
[Send] Data packet seq=16, length=8172, window[9,17], cwnd=9
[Send] Data packet seq=17, length=8172, window[9,17], cwnd=9
[Receive] ACK packet ack=10[RENO] Slow Start: cwnd=10, ssthresh=32

[Window Slide] base: 9 -> 10
[Send] Data packet seq=18, length=8172, window[10,19], cwnd=10
[Send] Data packet seq=19, length=8172, window[10,19], cwnd=10
[Receive] ACK packet ack=11[RENO] Slow Start: cwnd=11, ssthresh=32

[Window Slide] base: 10 -> 11
[Send] Data packet seq=20, length=8172, window[11,21], cwnd=11
[Send] Data packet seq=21, length=8172, window[11,21], cwnd=11
[Receive] ACK packet ack=12[RENO] Slow Start: cwnd=12, ssthresh=32

[Window Slide] base: 11 -> 12
[Send] Data packet seq=22, length=8172, window[12,23], cwnd=12
[Send] Data packet seq=23, length=8172, window[12,23], cwnd=12
[Receive] ACK packet ack=13[RENO] Slow Start: cwnd=13, ssthresh=32

[Window Slide] base: 12 -> 13
[Send] Data packet seq=24, length=8172, window[13,25], cwnd=13
[Send] Data packet seq=25, length=8172, window[13,25], cwnd=13
[Receive] ACK packet ack=14[RENO] Slow Start: cwnd=14, ssthresh=32

[Window Slide] base: 13 -> 14
[Send] Data packet seq=26, length=8172, window[14,27], cwnd=14
[Send] Data packet seq=27, length=8172, window[14,27], cwnd=14
[Receive] ACK packet ack=15[RENO] Slow Start: cwnd=15, ssthresh=32

[Window Slide] base: 14 -> 15
[Send] Data packet seq=28, length=8172, window[15,29], cwnd=15
[Send] Data packet seq=29, length=8172, window[15,29], cwnd=15
[Receive] ACK packet ack=16[RENO] Slow Start: cwnd=16, ssthresh=32

[Window Slide] base: 15 -> 16
[Send] Data packet seq=30, length=8172, window[16,31], cwnd=16
[Send] Data packet seq=31, length=8172, window[16,31], cwnd=16
[Receive] ACK packet ack=17[RENO] Slow Start: cwnd=17, ssthresh=32

[Window Slide] base: 16 -> 17
[Send] Data packet seq=32, length=8172, window[17,33], cwnd=17
[Send] Data packet seq=33, length=8172, window[17,33], cwnd=17
[Receive] ACK packet ack=18[RENO] Slow Start: cwnd=18, ssthresh=32

[Window Slide] base: 17 -> 18
[Send] Data packet seq=34, length=8172, window[18,35], cwnd=18
[Send] Data packet seq=35, length=8172, window[18,35], cwnd=18
[Receive] ACK packet ack=19[RENO] Slow Start: cwnd=19, ssthresh=32

[Window Slide] base: 18 -> 19
[Send] Data packet seq=36, length=8172, window[19,37], cwnd=19
[Send] Data packet seq=37, length=8172, window[19,37], cwnd=19
[Receive] ACK packet ack=20[RENO] Slow Start: cwnd=20, ssthresh=32

[Window Slide] base: 19 -> 20
[Send] Data packet seq=38, length=8172, window[20,39], cwnd=20
[Send] Data packet seq=39, length=8172, window[20,39], cwnd=20
[Receive] ACK packet ack=21[RENO] Slow Start: cwnd=21, ssthresh=32

[Window Slide] base: 20 -> 21
[Send] Data packet seq=40, length=8172, window[21,41], cwnd=21
[Send] Data packet seq=41, length=8172, window[21,41], cwnd=21
[Receive] ACK packet ack=22[RENO] Slow Start: cwnd=22, ssthresh=32

[Window Slide] base: 21 -> 22
[Send] Data packet seq=42, length=8172, window[22,43], cwnd=22
[Send] Data packet seq=43, length=8172, window[22,43], cwnd=22
[Receive] ACK packet ack=23[RENO] Slow Start: cwnd=23, ssthresh=32

[Window Slide] base: 22 -> 23
[Send] Data packet seq=44, length=8172, window[23,45], cwnd=23
[Send] Data packet seq=45, length=8172, window[23,45], cwnd=23
[Receive] ACK packet ack=24[RENO] Slow Start: cwnd=24, ssthresh=32

[Window Slide] base: 23 -> 24
[Send] Data packet seq=46, length=8172, window[24,47], cwnd=24
[Send] Data packet seq=47, length=8172, window[24,47], cwnd=24
[Receive] ACK packet ack=25[RENO] Slow Start: cwnd=25, ssthresh=32

[Window Slide] base: 24 -> 25
[Send] Data packet seq=48, length=8172, window[25,49], cwnd=25
[Send] Data packet seq=49, length=8172, window[25,49], cwnd=25
[Receive] ACK packet ack=26[RENO] Slow Start: cwnd=26, ssthresh=32

[Window Slide] base: 25 -> 26
[Send] Data packet seq=50, length=8172, window[26,51], cwnd=26
[Send] Data packet seq=51, length=8172, window[26,51], cwnd=26
[Receive] ACK packet ack=27[RENO] Slow Start: cwnd=27, ssthresh=32

[Window Slide] base: 26 -> 27
[Send] Data packet seq=52, length=8172, window[27,53], cwnd=27
[Send] Data packet seq=53, length=8172, window[27,53], cwnd=27
[Receive] ACK packet ack=28[RENO] Slow Start: cwnd=28, ssthresh=32

[Window Slide] base: 27 -> 28
[Send] Data packet seq=54, length=8172, window[28,55], cwnd=28
[Send] Data packet seq=55, length=8172, window[28,55], cwnd=28
[Receive] ACK packet ack=29[RENO] Slow Start: cwnd=29, ssthresh=32

[Window Slide] base: 28 -> 29
[Send] Data packet seq=56, length=8172, window[29,57], cwnd=29
[Send] Data packet seq=57, length=8172, window[29,57], cwnd=29
[Receive] ACK packet ack=30[RENO] Slow Start: cwnd=30, ssthresh=32

[Window Slide] base: 29 -> 30
[Send] Data packet seq=58, length=8172, window[30,59], cwnd=30
[Send] Data packet seq=59, length=8172, window[30,59], cwnd=30
[Receive] ACK packet ack=31[RENO] Slow Start: cwnd=31, ssthresh=32

[Window Slide] base: 30 -> 31
[Send] Data packet seq=60, length=8172, window[31,61], cwnd=31
[Send] Data packet seq=61, length=8172, window[31,61], cwnd=31
[Receive] ACK packet ack=31[RENO] Duplicate ACK received (count=1, ack=31)
, SACK blocks=[32]

[Receive] ACK packet ack=31[RENO] Duplicate ACK received (count=2, ack=31)
, SACK blocks=[32,33]

[Receive] ACK packet ack=31[RENO] Duplicate ACK received (count=3, ack=31)
[RENO] Fast Retransmit triggered (3 duplicate ACKs)
[RENO] Entering FAST_RECOVERY (cwnd=15, ssthresh=15)
, SACK blocks=[32,33,34]

[RENO] Fast Retransmit: retransmitting seq=31
[Receive] ACK packet ack=31[RENO] Duplicate ACK received (count=4, ack=31)
[RENO] Fast Recovery: cwnd inflated to 16
, SACK blocks=[32,33,34,35]

[Receive] ACK packet ack=31[RENO] Duplicate ACK received (count=5, ack=31)
[RENO] Fast Recovery: cwnd inflated to 17
, SACK blocks=[32,33,34,35]

[Receive] ACK packet ack=31[RENO] Duplicate ACK received (count=6, ack=31)
[RENO] Fast Recovery: cwnd inflated to 18
, SACK blocks=[32,33,34,35]

[Receive] ACK packet ack=31[RENO] Duplicate ACK received (count=7, ack=31)
[RENO] Fast Recovery: cwnd inflated to 19
, SACK blocks=[32,33,34,35]

[Receive] ACK packet ack=31[RENO] Duplicate ACK received (count=8, ack=31)
[RENO] Fast Recovery: cwnd inflated to 20
, SACK blocks=[32,33,34,35]

[Receive] ACK packet ack=31[RENO] Duplicate ACK received (count=9, ack=31)
[RENO] Fast Recovery: cwnd inflated to 21
, SACK blocks=[32,33,34,35]

[Receive] ACK packet ack=31[RENO] Duplicate ACK received (count=10, ack=31)
[RENO] Fast Recovery: cwnd inflated to 22
, SACK blocks=[32,33,34,35]

[Receive] ACK packet ack=31[RENO] Duplicate ACK received (count=11, ack=31)
[RENO] Fast Recovery: cwnd inflated to 23
, SACK blocks=[32,33,34,35]

[Receive] ACK packet ack=31[RENO] Duplicate ACK received (count=12, ack=31)
[RENO] Fast Recovery: cwnd inflated to 24
, SACK blocks=[32,33,34,35]

[Receive] ACK packet ack=31[RENO] Duplicate ACK received (count=13, ack=31)
[RENO] Fast Recovery: cwnd inflated to 25
, SACK blocks=[32,33,34,35]

[Receive] ACK packet ack=31[RENO] Duplicate ACK received (count=14, ack=31)
[RENO] Fast Recovery: cwnd inflated to 26
, SACK blocks=[32,33,34,35]

[Receive] ACK packet ack=31[RENO] Duplicate ACK received (count=15, ack=31)
[RENO] Fast Recovery: cwnd inflated to 27
, SACK blocks=[32,33,34,35]

[Receive] ACK packet ack=31[RENO] Duplicate ACK received (count=16, ack=31)
[RENO] Fast Recovery: cwnd inflated to 28
, SACK blocks=[32,33,34,35]

[Receive] ACK packet ack=31[RENO] Duplicate ACK received (count=17, ack=31)
[RENO] Fast Recovery: cwnd inflated to 29
, SACK blocks=[32,33,34,35]

[Receive] ACK packet ack=31[RENO] Duplicate ACK received (count=18, ack=31)
[RENO] Fast Recovery: cwnd inflated to 30
, SACK blocks=[32,33,34,35]

[Receive] ACK packet ack=31[RENO] Duplicate ACK received (count=19, ack=31)
[RENO] Fast Recovery: cwnd inflated to 31
, SACK blocks=[32,33,34,35]

[Receive] ACK packet ack=31[RENO] Duplicate ACK received (count=20, ack=31)
[RENO] Fast Recovery: cwnd inflated to 32
, SACK blocks=[32,33,34,35]

[Send] Data packet seq=62, length=8172, window[31,62], cwnd=32
[Receive] ACK packet ack=31[RENO] Duplicate ACK received (count=21, ack=31)
[RENO] Fast Recovery: cwnd inflated to 33
, SACK blocks=[32,33,34,35]

[RENO] Timeout detected
[RENO] Timeout recovery: entering SLOW_START (cwnd=1, ssthresh=16)
[Timeout Retransmit] seq=36, elapsed 509ms
[Timeout Retransmit] seq=37, elapsed 509ms
[Receive] ACK packet ack=31[RENO] Duplicate ACK received (count=1, ack=31)
, SACK blocks=[32,33,34,35]

[RENO] Timeout detected
[RENO] Timeout recovery: entering SLOW_START (cwnd=1, ssthresh=2)
[Timeout Retransmit] seq=38, elapsed 509ms
[Timeout Retransmit] seq=39, elapsed 509ms
[Receive] ACK packet ack=31[RENO] Duplicate ACK received (count=1, ack=31)
, SACK blocks=[32,33,34,35]

[RENO] Timeout detected
[RENO] Timeout recovery: entering SLOW_START (cwnd=1, ssthresh=2)
[Timeout Retransmit] seq=40, elapsed 510ms
[Timeout Retransmit] seq=41, elapsed 510ms
[Receive] ACK packet ack=31[RENO] Duplicate ACK received (count=1, ack=31)
, SACK blocks=[32,33,34,35]

[RENO] Timeout detected
[RENO] Timeout recovery: entering SLOW_START (cwnd=1, ssthresh=2)
[Timeout Retransmit] seq=42, elapsed 511ms
[Timeout Retransmit] seq=43, elapsed 511ms
[Receive] ACK packet ack=31[RENO] Duplicate ACK received (count=1, ack=31)
, SACK blocks=[32,33,34,35]

[RENO] Timeout detected
[RENO] Timeout recovery: entering SLOW_START (cwnd=1, ssthresh=2)
[Timeout Retransmit] seq=44, elapsed 512ms
[Timeout Retransmit] seq=45, elapsed 512ms
[Receive] ACK packet ack=31[RENO] Duplicate ACK received (count=1, ack=31)
, SACK blocks=[32,33,34,35]

[RENO] Timeout detected
[RENO] Timeout recovery: entering SLOW_START (cwnd=1, ssthresh=2)
[Timeout Retransmit] seq=46, elapsed 512ms
[Timeout Retransmit] seq=47, elapsed 512ms
[Receive] ACK packet ack=31[RENO] Duplicate ACK received (count=1, ack=31)
, SACK blocks=[32,33,34,35]

[RENO] Timeout detected
[RENO] Timeout recovery: entering SLOW_START (cwnd=1, ssthresh=2)
[Timeout Retransmit] seq=48, elapsed 512ms
[Timeout Retransmit] seq=49, elapsed 512ms
[Receive] ACK packet ack=31[RENO] Duplicate ACK received (count=1, ack=31)
, SACK blocks=[32,33,34,35]

[RENO] Timeout detected
[RENO] Timeout recovery: entering SLOW_START (cwnd=1, ssthresh=2)
[Timeout Retransmit] seq=50, elapsed 512ms
[Timeout Retransmit] seq=51, elapsed 512ms
[Receive] ACK packet ack=31[RENO] Duplicate ACK received (count=1, ack=31)
, SACK blocks=[32,33,34,35]

[RENO] Timeout detected
[RENO] Timeout recovery: entering SLOW_START (cwnd=1, ssthresh=2)
[Timeout Retransmit] seq=52, elapsed 513ms
[Timeout Retransmit] seq=53, elapsed 513ms
[Receive] ACK packet ack=46[RENO] Phase transition: SLOW_START -> CONGESTION_AVOIDANCE (cwnd=2, ssthresh=2)
, SACK blocks=[47,48,49,50]

[Window Slide] base: 31 -> 46
[RENO] Timeout detected
[RENO] Timeout recovery: entering SLOW_START (cwnd=1, ssthresh=2)
[Timeout Retransmit] seq=54, elapsed 512ms
[Timeout Retransmit] seq=55, elapsed 512ms
[Receive] ACK packet ack=46[RENO] Duplicate ACK received (count=1, ack=46)
, SACK blocks=[47,48,49,50]

[RENO] Timeout detected
[RENO] Timeout recovery: entering SLOW_START (cwnd=1, ssthresh=2)
[Timeout Retransmit] seq=56, elapsed 513ms
[Timeout Retransmit] seq=57, elapsed 513ms
[Receive] ACK packet ack=46[RENO] Duplicate ACK received (count=1, ack=46)

[RENO] Timeout detected
[RENO] Timeout recovery: entering SLOW_START (cwnd=1, ssthresh=2)
[Timeout Retransmit] seq=58, elapsed 514ms
[Timeout Retransmit] seq=59, elapsed 514ms
[Receive] ACK packet ack=46[RENO] Duplicate ACK received (count=1, ack=46)

[RENO] Timeout detected
[RENO] Timeout recovery: entering SLOW_START (cwnd=1, ssthresh=2)
[Timeout Retransmit] seq=60, elapsed 513ms
[Timeout Retransmit] seq=61, elapsed 513ms
[Receive] ACK packet ack=46[RENO] Duplicate ACK received (count=1, ack=46)

[Receive] ACK packet ack=46[RENO] Duplicate ACK received (count=2, ack=46)

[Receive] ACK packet ack=46[RENO] Duplicate ACK received (count=3, ack=46)
[RENO] Fast Retransmit triggered (3 duplicate ACKs)
[RENO] Entering FAST_RECOVERY (cwnd=2, ssthresh=2)

[RENO] Fast Retransmit: retransmitting seq=46
[Receive] ACK packet ack=46[RENO] Duplicate ACK received (count=4, ack=46)
[RENO] Fast Recovery: cwnd inflated to 3

[Receive] ACK packet ack=46[RENO] Duplicate ACK received (count=5, ack=46)
[RENO] Fast Recovery: cwnd inflated to 4

[Receive] ACK packet ack=46[RENO] Duplicate ACK received (count=6, ack=46)
[RENO] Fast Recovery: cwnd inflated to 5

[Receive] ACK packet ack=46[RENO] Duplicate ACK received (count=7, ack=46)
[RENO] Fast Recovery: cwnd inflated to 6

[Receive] ACK packet ack=46[RENO] Duplicate ACK received (count=8, ack=46)
[RENO] Fast Recovery: cwnd inflated to 7

[Receive] ACK packet ack=63[RENO] Fast Recovery completed, transition to CONGESTION_AVOIDANCE (cwnd=2, ssthresh=2)

[Window Slide] base: 46 -> 63
[Send] Data packet seq=63, length=8172, window[63,64], cwnd=2
[Send] Data packet seq=64, length=8172, window[63,64], cwnd=2
[Receive] ACK packet ack=63[RENO] Duplicate ACK received (count=1, ack=63)

[Receive] ACK packet ack=63[RENO] Duplicate ACK received (count=2, ack=63)

[Receive] ACK packet ack=63[RENO] Duplicate ACK received (count=3, ack=63)
[RENO] Fast Retransmit triggered (3 duplicate ACKs)
[RENO] Entering FAST_RECOVERY (cwnd=2, ssthresh=2)

[RENO] Fast Retransmit: retransmitting seq=63
[Receive] ACK packet ack=63[RENO] Duplicate ACK received (count=4, ack=63)
[RENO] Fast Recovery: cwnd inflated to 3

[Send] Data packet seq=65, length=8172, window[63,65], cwnd=3
[Receive] ACK packet ack=63[RENO] Duplicate ACK received (count=5, ack=63)
[RENO] Fast Recovery: cwnd inflated to 4

[Send] Data packet seq=66, length=8172, window[63,66], cwnd=4
[Receive] ACK packet ack=63[RENO] Duplicate ACK received (count=6, ack=63)
[RENO] Fast Recovery: cwnd inflated to 5

[Send] Data packet seq=67, length=8172, window[63,67], cwnd=5
[Receive] ACK packet ack=63[RENO] Duplicate ACK received (count=7, ack=63)
[RENO] Fast Recovery: cwnd inflated to 6

[Send] Data packet seq=68, length=8172, window[63,68], cwnd=6
[Receive] ACK packet ack=63[RENO] Duplicate ACK received (count=8, ack=63)
[RENO] Fast Recovery: cwnd inflated to 7

[Send] Data packet seq=69, length=8172, window[63,69], cwnd=7
[Receive] ACK packet ack=63[RENO] Duplicate ACK received (count=9, ack=63)
[RENO] Fast Recovery: cwnd inflated to 8

[Send] Data packet seq=70, length=8172, window[63,70], cwnd=8
[Receive] ACK packet ack=63[RENO] Duplicate ACK received (count=10, ack=63)
[RENO] Fast Recovery: cwnd inflated to 9

[Send] Data packet seq=71, length=8172, window[63,71], cwnd=9
[Receive] ACK packet ack=63[RENO] Duplicate ACK received (count=11, ack=63)
[RENO] Fast Recovery: cwnd inflated to 10

[Send] Data packet seq=72, length=8172, window[63,72], cwnd=10
[Receive] ACK packet ack=63[RENO] Duplicate ACK received (count=12, ack=63)
[RENO] Fast Recovery: cwnd inflated to 11

[Send] Data packet seq=73, length=8172, window[63,73], cwnd=11
[Receive] ACK packet ack=63[RENO] Duplicate ACK received (count=13, ack=63)
[RENO] Fast Recovery: cwnd inflated to 12

[Send] Data packet seq=74, length=8172, window[63,74], cwnd=12
[Receive] ACK packet ack=63[RENO] Duplicate ACK received (count=14, ack=63)
[RENO] Fast Recovery: cwnd inflated to 13

[Send] Data packet seq=75, length=8172, window[63,75], cwnd=13
[Receive] ACK packet ack=63[RENO] Duplicate ACK received (count=15, ack=63)
[RENO] Fast Recovery: cwnd inflated to 14

[Send] Data packet seq=76, length=8172, window[63,76], cwnd=14
[Receive] ACK packet ack=64[RENO] Fast Recovery completed, transition to CONGESTION_AVOIDANCE (cwnd=2, ssthresh=2)

[Window Slide] base: 63 -> 64
[Receive] ACK packet ack=65
[Window Slide] base: 64 -> 65
[Receive] ACK packet ack=66[RENO] Congestion Avoidance: cwnd increased to 3

[Window Slide] base: 65 -> 66
[Receive] ACK packet ack=67
[Window Slide] base: 66 -> 67
[Receive] ACK packet ack=68
[Window Slide] base: 67 -> 68
[Receive] ACK packet ack=69[RENO] Congestion Avoidance: cwnd increased to 4

[Window Slide] base: 68 -> 69
[Receive] ACK packet ack=70
[Window Slide] base: 69 -> 70
[Receive] ACK packet ack=71
[Window Slide] base: 70 -> 71
[Receive] ACK packet ack=72
[Window Slide] base: 71 -> 72
[Receive] ACK packet ack=73[RENO] Congestion Avoidance: cwnd increased to 5

[Window Slide] base: 72 -> 73
[Send] Data packet seq=77, length=8172, window[73,77], cwnd=5
[Receive] ACK packet ack=74
[Window Slide] base: 73 -> 74
[Send] Data packet seq=78, length=8172, window[74,78], cwnd=5
[Receive] ACK packet ack=75
[Window Slide] base: 74 -> 75
[Send] Data packet seq=79, length=8172, window[75,79], cwnd=5
[Receive] ACK packet ack=76
[Window Slide] base: 75 -> 76
[Send] Data packet seq=80, length=8172, window[76,80], cwnd=5
[Receive] ACK packet ack=77
[Window Slide] base: 76 -> 77
[Send] Data packet seq=81, length=8172, window[77,81], cwnd=5
[Receive] ACK packet ack=78[RENO] Congestion Avoidance: cwnd increased to 6

[Window Slide] base: 77 -> 78
[Send] Data packet seq=82, length=8172, window[78,83], cwnd=6
[Send] Data packet seq=83, length=8172, window[78,83], cwnd=6
[Receive] ACK packet ack=79
[Window Slide] base: 78 -> 79
[Send] Data packet seq=84, length=8172, window[79,84], cwnd=6
[Receive] ACK packet ack=80
[Window Slide] base: 79 -> 80
[Send] Data packet seq=85, length=8172, window[80,85], cwnd=6
[Receive] ACK packet ack=81
[Window Slide] base: 80 -> 81
[Send] Data packet seq=86, length=8172, window[81,86], cwnd=6
[Receive] ACK packet ack=82
[Window Slide] base: 81 -> 82
[Send] Data packet seq=87, length=8172, window[82,87], cwnd=6
[Receive] ACK packet ack=83
[Window Slide] base: 82 -> 83
[Send] Data packet seq=88, length=8172, window[83,88], cwnd=6
[Receive] ACK packet ack=84[RENO] Congestion Avoidance: cwnd increased to 7

[Window Slide] base: 83 -> 84
[Send] Data packet seq=89, length=8172, window[84,90], cwnd=7
[Send] Data packet seq=90, length=8172, window[84,90], cwnd=7
[Receive] ACK packet ack=85
[Window Slide] base: 84 -> 85
[Send] Data packet seq=91, length=8172, window[85,91], cwnd=7
[Receive] ACK packet ack=86
[Window Slide] base: 85 -> 86
[Send] Data packet seq=92, length=8172, window[86,92], cwnd=7
[Receive] ACK packet ack=87
[Window Slide] base: 86 -> 87
[Send] Data packet seq=93, length=8172, window[87,93], cwnd=7
[Receive] ACK packet ack=88
[Window Slide] base: 87 -> 88
[Send] Data packet seq=94, length=8172, window[88,94], cwnd=7
[Receive] ACK packet ack=89
[Window Slide] base: 88 -> 89
[Send] Data packet seq=95, length=8172, window[89,95], cwnd=7
[Receive] ACK packet ack=90
[Window Slide] base: 89 -> 90
[Send] Data packet seq=96, length=8172, window[90,96], cwnd=7
[Receive] ACK packet ack=91[RENO] Congestion Avoidance: cwnd increased to 8

[Window Slide] base: 90 -> 91
[Send] Data packet seq=97, length=8172, window[91,98], cwnd=8
[Send] Data packet seq=98, length=8172, window[91,98], cwnd=8
[Receive] ACK packet ack=92
[Window Slide] base: 91 -> 92
[Send] Data packet seq=99, length=8172, window[92,99], cwnd=8
[Receive] ACK packet ack=93
[Window Slide] base: 92 -> 93
[Send] Data packet seq=100, length=8172, window[93,100], cwnd=8
[Receive] ACK packet ack=94
[Window Slide] base: 93 -> 94
[Send] Data packet seq=101, length=8172, window[94,101], cwnd=8
[Receive] ACK packet ack=95
[Window Slide] base: 94 -> 95
[Send] Data packet seq=102, length=8172, window[95,102], cwnd=8
[Receive] ACK packet ack=96
[Window Slide] base: 95 -> 96
[Send] Data packet seq=103, length=8172, window[96,103], cwnd=8
[Receive] ACK packet ack=97
[Window Slide] base: 96 -> 97
[Send] Data packet seq=104, length=8172, window[97,104], cwnd=8
[Receive] ACK packet ack=98
[Window Slide] base: 97 -> 98
[Send] Data packet seq=105, length=8172, window[98,105], cwnd=8
[Receive] ACK packet ack=99[RENO] Congestion Avoidance: cwnd increased to 9

[Window Slide] base: 98 -> 99
[Send] Data packet seq=106, length=8172, window[99,107], cwnd=9
[Send] Data packet seq=107, length=8172, window[99,107], cwnd=9
[Receive] ACK packet ack=100
[Window Slide] base: 99 -> 100
[Send] Data packet seq=108, length=8172, window[100,108], cwnd=9
[Receive] ACK packet ack=101
[Window Slide] base: 100 -> 101
[Send] Data packet seq=109, length=8172, window[101,109], cwnd=9
[Receive] ACK packet ack=102
[Window Slide] base: 101 -> 102
[Send] Data packet seq=110, length=8172, window[102,110], cwnd=9
[Receive] ACK packet ack=103
[Window Slide] base: 102 -> 103
[Send] Data packet seq=111, length=8172, window[103,111], cwnd=9
[Receive] ACK packet ack=104
[Window Slide] base: 103 -> 104
[Send] Data packet seq=112, length=8172, window[104,112], cwnd=9
[Receive] ACK packet ack=105
[Window Slide] base: 104 -> 105
[Send] Data packet seq=113, length=8172, window[105,113], cwnd=9
[Receive] ACK packet ack=106
[Window Slide] base: 105 -> 106
[Send] Data packet seq=114, length=8172, window[106,114], cwnd=9
[Receive] ACK packet ack=106[RENO] Duplicate ACK received (count=1, ack=106)
, SACK blocks=[107]

[Receive] ACK packet ack=106[RENO] Duplicate ACK received (count=2, ack=106)
, SACK blocks=[107,108]

[Receive] ACK packet ack=106[RENO] Duplicate ACK received (count=3, ack=106)
[RENO] Fast Retransmit triggered (3 duplicate ACKs)
[RENO] Entering FAST_RECOVERY (cwnd=4, ssthresh=4)
, SACK blocks=[107,108,109]

[RENO] Fast Retransmit: retransmitting seq=106
[Receive] ACK packet ack=106[RENO] Duplicate ACK received (count=4, ack=106)
[RENO] Fast Recovery: cwnd inflated to 5
, SACK blocks=[107,108,109,110]

[Receive] ACK packet ack=106[RENO] Duplicate ACK received (count=5, ack=106)
[RENO] Fast Recovery: cwnd inflated to 6
, SACK blocks=[107,108,109,110]

[Receive] ACK packet ack=106[RENO] Duplicate ACK received (count=6, ack=106)
[RENO] Fast Recovery: cwnd inflated to 7
, SACK blocks=[107,108,109,110]

[Receive] ACK packet ack=106[RENO] Duplicate ACK received (count=7, ack=106)
[RENO] Fast Recovery: cwnd inflated to 8
, SACK blocks=[107,108,109,110]

[Receive] ACK packet ack=106[RENO] Duplicate ACK received (count=8, ack=106)
[RENO] Fast Recovery: cwnd inflated to 9
, SACK blocks=[107,108,109,110]

[Receive] ACK packet ack=115[RENO] Fast Recovery completed, transition to CONGESTION_AVOIDANCE (cwnd=4, ssthresh=4)

[Window Slide] base: 106 -> 115
[Send] Data packet seq=115, length=8172, window[115,118], cwnd=4
[Send] Data packet seq=116, length=8172, window[115,118], cwnd=4
[Send] Data packet seq=117, length=8172, window[115,118], cwnd=4
[Send] Data packet seq=118, length=8172, window[115,118], cwnd=4
[Receive] ACK packet ack=116[RENO] Congestion Avoidance: cwnd increased to 5

[Window Slide] base: 115 -> 116
[Send] Data packet seq=119, length=8172, window[116,120], cwnd=5
[Send] Data packet seq=120, length=8172, window[116,120], cwnd=5
[Receive] ACK packet ack=117
[Window Slide] base: 116 -> 117
[Send] Data packet seq=121, length=8172, window[117,121], cwnd=5
[Receive] ACK packet ack=118
[Window Slide] base: 117 -> 118
[Send] Data packet seq=122, length=8172, window[118,122], cwnd=5
[Receive] ACK packet ack=119
[Window Slide] base: 118 -> 119
[Send] Data packet seq=123, length=8172, window[119,123], cwnd=5
[Receive] ACK packet ack=120
[Window Slide] base: 119 -> 120
[Send] Data packet seq=124, length=8172, window[120,124], cwnd=5
[Receive] ACK packet ack=121[RENO] Congestion Avoidance: cwnd increased to 6

[Window Slide] base: 120 -> 121
[Send] Data packet seq=125, length=8172, window[121,126], cwnd=6
[Send] Data packet seq=126, length=8172, window[121,126], cwnd=6
[Receive] ACK packet ack=122
[Window Slide] base: 121 -> 122
[Send] Data packet seq=127, length=8172, window[122,127], cwnd=6
[Receive] ACK packet ack=123
[Window Slide] base: 122 -> 123
[Send] Data packet seq=128, length=8172, window[123,128], cwnd=6
[Receive] ACK packet ack=124
[Window Slide] base: 123 -> 124
[Send] Data packet seq=129, length=8172, window[124,129], cwnd=6
[Receive] ACK packet ack=124[RENO] Duplicate ACK received (count=1, ack=124)
, SACK blocks=[125]

[Receive] ACK packet ack=124[RENO] Duplicate ACK received (count=2, ack=124)
, SACK blocks=[125,126]

[Receive] ACK packet ack=124[RENO] Duplicate ACK received (count=3, ack=124)
[RENO] Fast Retransmit triggered (3 duplicate ACKs)
[RENO] Entering FAST_RECOVERY (cwnd=3, ssthresh=3)
, SACK blocks=[125,126,127]

[RENO] Fast Retransmit: retransmitting seq=124
[Receive] ACK packet ack=124[RENO] Duplicate ACK received (count=4, ack=124)
[RENO] Fast Recovery: cwnd inflated to 4
, SACK blocks=[125,126,127,129]

[Receive] ACK packet ack=128[RENO] Fast Recovery completed, transition to CONGESTION_AVOIDANCE (cwnd=3, ssthresh=3)
, SACK blocks=[129]

[Window Slide] base: 124 -> 128
[Send] Data packet seq=130, length=8172, window[128,130], cwnd=3
[Receive] ACK packet ack=128[RENO] Duplicate ACK received (count=1, ack=128)
, SACK blocks=[129,130]

[RENO] Timeout detected
[RENO] Timeout recovery: entering SLOW_START (cwnd=1, ssthresh=2)
[Timeout Retransmit] seq=128, elapsed 543ms
[Receive] ACK packet ack=131[RENO] Phase transition: SLOW_START -> CONGESTION_AVOIDANCE (cwnd=2, ssthresh=2)

[Window Slide] base: 128 -> 131
[Send] Data packet seq=131, length=8172, window[131,132], cwnd=2
[Send] Data packet seq=132, length=8172, window[131,132], cwnd=2
[Receive] ACK packet ack=132[RENO] Congestion Avoidance: cwnd increased to 3

[Window Slide] base: 131 -> 132
[Send] Data packet seq=133, length=8172, window[132,134], cwnd=3
[Send] Data packet seq=134, length=8172, window[132,134], cwnd=3
[Receive] ACK packet ack=133
[Window Slide] base: 132 -> 133
[Send] Data packet seq=135, length=8172, window[133,135], cwnd=3
[Receive] ACK packet ack=134
[Window Slide] base: 133 -> 134
[Send] Data packet seq=136, length=8172, window[134,136], cwnd=3
[Receive] ACK packet ack=135[RENO] Congestion Avoidance: cwnd increased to 4

[Window Slide] base: 134 -> 135
[Send] Data packet seq=137, length=8172, window[135,138], cwnd=4
[Send] Data packet seq=138, length=8172, window[135,138], cwnd=4
[Receive] ACK packet ack=136
[Window Slide] base: 135 -> 136
[Send] Data packet seq=139, length=8172, window[136,139], cwnd=4
[Receive] ACK packet ack=137
[Window Slide] base: 136 -> 137
[Send] Data packet seq=140, length=8172, window[137,140], cwnd=4
[Receive] ACK packet ack=138
[Window Slide] base: 137 -> 138
[Send] Data packet seq=141, length=8172, window[138,141], cwnd=4
[Receive] ACK packet ack=139[RENO] Congestion Avoidance: cwnd increased to 5

[Window Slide] base: 138 -> 139
[Send] Data packet seq=142, length=8172, window[139,143], cwnd=5
[Send] Data packet seq=143, length=8172, window[139,143], cwnd=5
[Receive] ACK packet ack=140
[Window Slide] base: 139 -> 140
[Send] Data packet seq=144, length=8172, window[140,144], cwnd=5
[Receive] ACK packet ack=141
[Window Slide] base: 140 -> 141
[Send] Data packet seq=145, length=8172, window[141,145], cwnd=5
[Receive] ACK packet ack=142
[Window Slide] base: 141 -> 142
[Send] Data packet seq=146, length=8172, window[142,146], cwnd=5
[Receive] ACK packet ack=143
[Window Slide] base: 142 -> 143
[Send] Data packet seq=147, length=8172, window[143,147], cwnd=5
[Receive] ACK packet ack=144[RENO] Congestion Avoidance: cwnd increased to 6

[Window Slide] base: 143 -> 144
[Send] Data packet seq=148, length=8172, window[144,149], cwnd=6
[Send] Data packet seq=149, length=8172, window[144,149], cwnd=6
[Receive] ACK packet ack=145
[Window Slide] base: 144 -> 145
[Send] Data packet seq=150, length=8172, window[145,150], cwnd=6
[Receive] ACK packet ack=146
[Window Slide] base: 145 -> 146
[Send] Data packet seq=151, length=8172, window[146,151], cwnd=6
[Receive] ACK packet ack=147
[Window Slide] base: 146 -> 147
[Send] Data packet seq=152, length=8172, window[147,152], cwnd=6
[Receive] ACK packet ack=148
[Window Slide] base: 147 -> 148
[Send] Data packet seq=153, length=8172, window[148,153], cwnd=6
[Receive] ACK packet ack=149
[Window Slide] base: 148 -> 149
[Send] Data packet seq=154, length=8172, window[149,154], cwnd=6
[Receive] ACK packet ack=150[RENO] Congestion Avoidance: cwnd increased to 7

[Window Slide] base: 149 -> 150
[Send] Data packet seq=155, length=8172, window[150,156], cwnd=7
[Send] Data packet seq=156, length=8172, window[150,156], cwnd=7
[Receive] ACK packet ack=151
[Window Slide] base: 150 -> 151
[Send] Data packet seq=157, length=8172, window[151,157], cwnd=7
[Receive] ACK packet ack=151[RENO] Duplicate ACK received (count=1, ack=151)
, SACK blocks=[152]

[Receive] ACK packet ack=151[RENO] Duplicate ACK received (count=2, ack=151)
, SACK blocks=[152,153]

[Receive] ACK packet ack=151[RENO] Duplicate ACK received (count=3, ack=151)
[RENO] Fast Retransmit triggered (3 duplicate ACKs)
[RENO] Entering FAST_RECOVERY (cwnd=3, ssthresh=3)
, SACK blocks=[152,153,154]

[RENO] Fast Retransmit: retransmitting seq=151
[Receive] ACK packet ack=151[RENO] Duplicate ACK received (count=4, ack=151)
[RENO] Fast Recovery: cwnd inflated to 4
, SACK blocks=[152,153,154,155]

[Receive] ACK packet ack=151[RENO] Duplicate ACK received (count=5, ack=151)
[RENO] Fast Recovery: cwnd inflated to 5
, SACK blocks=[152,153,154,155]

[Receive] ACK packet ack=151[RENO] Duplicate ACK received (count=6, ack=151)
[RENO] Fast Recovery: cwnd inflated to 6
, SACK blocks=[152,153,154,155]

[Receive] ACK packet ack=158[RENO] Fast Recovery completed, transition to CONGESTION_AVOIDANCE (cwnd=3, ssthresh=3)

[Window Slide] base: 151 -> 158
[Send] Data packet seq=158, length=8172, window[158,160], cwnd=3
[Send] Data packet seq=159, length=8172, window[158,160], cwnd=3
[Send] Data packet seq=160, length=8172, window[158,160], cwnd=3
[Receive] ACK packet ack=159
[Window Slide] base: 158 -> 159
[Send] Data packet seq=161, length=8172, window[159,161], cwnd=3
[Receive] ACK packet ack=160[RENO] Congestion Avoidance: cwnd increased to 4

[Window Slide] base: 159 -> 160
[Send] Data packet seq=162, length=8172, window[160,163], cwnd=4
[Send] Data packet seq=163, length=8172, window[160,163], cwnd=4
[Receive] ACK packet ack=161
[Window Slide] base: 160 -> 161
[Send] Data packet seq=164, length=8172, window[161,164], cwnd=4
[Receive] ACK packet ack=162
[Window Slide] base: 161 -> 162
[Send] Data packet seq=165, length=8172, window[162,165], cwnd=4
[Receive] ACK packet ack=162[RENO] Duplicate ACK received (count=1, ack=162)
, SACK blocks=[163]

[Receive] ACK packet ack=162[RENO] Duplicate ACK received (count=2, ack=162)
, SACK blocks=[163,164]

[Receive] ACK packet ack=162[RENO] Duplicate ACK received (count=3, ack=162)
[RENO] Fast Retransmit triggered (3 duplicate ACKs)
[RENO] Entering FAST_RECOVERY (cwnd=2, ssthresh=2)
, SACK blocks=[163,164,165]

[RENO] Fast Retransmit: retransmitting seq=162
[Receive] ACK packet ack=166[RENO] Fast Recovery completed, transition to CONGESTION_AVOIDANCE (cwnd=2, ssthresh=2)

[Window Slide] base: 162 -> 166
[Send] Data packet seq=166, length=8172, window[166,167], cwnd=2
[Send] Data packet seq=167, length=8172, window[166,167], cwnd=2
[Receive] ACK packet ack=167[RENO] Congestion Avoidance: cwnd increased to 3

[Window Slide] base: 166 -> 167
[Send] Data packet seq=168, length=8172, window[167,169], cwnd=3
[Send] Data packet seq=169, length=8172, window[167,169], cwnd=3
[Receive] ACK packet ack=168
[Window Slide] base: 167 -> 168
[Send] Data packet seq=170, length=8172, window[168,170], cwnd=3
[Receive] ACK packet ack=169
[Window Slide] base: 168 -> 169
[Send] Data packet seq=171, length=8172, window[169,171], cwnd=3
[Receive] ACK packet ack=170[RENO] Congestion Avoidance: cwnd increased to 4

[Window Slide] base: 169 -> 170
[Send] Data packet seq=172, length=8172, window[170,173], cwnd=4
[Send] Data packet seq=173, length=8172, window[170,173], cwnd=4
[Receive] ACK packet ack=171
[Window Slide] base: 170 -> 171
[Send] Data packet seq=174, length=8172, window[171,174], cwnd=4
[Receive] ACK packet ack=172
[Window Slide] base: 171 -> 172
[Send] Data packet seq=175, length=8172, window[172,175], cwnd=4
[Receive] ACK packet ack=173
[Window Slide] base: 172 -> 173
[Send] Data packet seq=176, length=8172, window[173,176], cwnd=4
[Receive] ACK packet ack=174[RENO] Congestion Avoidance: cwnd increased to 5

[Window Slide] base: 173 -> 174
[Send] Data packet seq=177, length=8172, window[174,178], cwnd=5
[Send] Data packet seq=178, length=8172, window[174,178], cwnd=5
[Receive] ACK packet ack=175
[Window Slide] base: 174 -> 175
[Send] Data packet seq=179, length=8172, window[175,179], cwnd=5
[Receive] ACK packet ack=176
[Window Slide] base: 175 -> 176
[Send] Data packet seq=180, length=8172, window[176,180], cwnd=5
[Receive] ACK packet ack=177
[Window Slide] base: 176 -> 177
[Send] Data packet seq=181, length=8172, window[177,181], cwnd=5
[Receive] ACK packet ack=178
[Window Slide] base: 177 -> 178
[Send] Data packet seq=182, length=8172, window[178,182], cwnd=5
[Receive] ACK packet ack=179[RENO] Congestion Avoidance: cwnd increased to 6

[Window Slide] base: 178 -> 179
[Send] Data packet seq=183, length=8172, window[179,184], cwnd=6
[Send] Data packet seq=184, length=8172, window[179,184], cwnd=6
[Receive] ACK packet ack=180
[Window Slide] base: 179 -> 180
[Send] Data packet seq=185, length=8172, window[180,185], cwnd=6
[Receive] ACK packet ack=181
[Window Slide] base: 180 -> 181
[Send] Data packet seq=186, length=8172, window[181,186], cwnd=6
[Receive] ACK packet ack=182
[Window Slide] base: 181 -> 182
[Send] Data packet seq=187, length=8172, window[182,187], cwnd=6
[Receive] ACK packet ack=183
[Window Slide] base: 182 -> 183
[Send] Data packet seq=188, length=8172, window[183,188], cwnd=6
[Receive] ACK packet ack=184
[Window Slide] base: 183 -> 184
[Send] Data packet seq=189, length=8172, window[184,189], cwnd=6
[Receive] ACK packet ack=185[RENO] Congestion Avoidance: cwnd increased to 7

[Window Slide] base: 184 -> 185
[Send] Data packet seq=190, length=8172, window[185,191], cwnd=7
[Send] Data packet seq=191, length=8172, window[185,191], cwnd=7
[Receive] ACK packet ack=186
[Window Slide] base: 185 -> 186
[Send] Data packet seq=192, length=8172, window[186,192], cwnd=7
[Receive] ACK packet ack=187
[Window Slide] base: 186 -> 187
[Send] Data packet seq=193, length=8172, window[187,193], cwnd=7
[Receive] ACK packet ack=188
[Window Slide] base: 187 -> 188
[Send] Data packet seq=194, length=8172, window[188,194], cwnd=7
[Receive] ACK packet ack=189
[Window Slide] base: 188 -> 189
[Send] Data packet seq=195, length=8172, window[189,195], cwnd=7
[Receive] ACK packet ack=190
[Window Slide] base: 189 -> 190
[Send] Data packet seq=196, length=8172, window[190,196], cwnd=7
[Receive] ACK packet ack=191
[Window Slide] base: 190 -> 191
[Send] Data packet seq=197, length=8172, window[191,197], cwnd=7
[Receive] ACK packet ack=192[RENO] Congestion Avoidance: cwnd increased to 8

[Window Slide] base: 191 -> 192
[Send] Data packet seq=198, length=8172, window[192,199], cwnd=8
[Send] Data packet seq=199, length=8172, window[192,199], cwnd=8
[Receive] ACK packet ack=193
[Window Slide] base: 192 -> 193
[Send] Data packet seq=200, length=8172, window[193,200], cwnd=8
[Receive] ACK packet ack=194
[Window Slide] base: 193 -> 194
[Send] Data packet seq=201, length=8172, window[194,201], cwnd=8
[Receive] ACK packet ack=195
[Window Slide] base: 194 -> 195
[Send] Data packet seq=202, length=8172, window[195,202], cwnd=8
[Receive] ACK packet ack=196
[Window Slide] base: 195 -> 196
[Send] Data packet seq=203, length=8172, window[196,203], cwnd=8
[Receive] ACK packet ack=197
[Window Slide] base: 196 -> 197
[Send] Data packet seq=204, length=8172, window[197,204], cwnd=8
[Receive] ACK packet ack=198
[Window Slide] base: 197 -> 198
[Send] Data packet seq=205, length=8172, window[198,205], cwnd=8
[Receive] ACK packet ack=199
[Window Slide] base: 198 -> 199
[Send] Data packet seq=206, length=8172, window[199,206], cwnd=8
[Receive] ACK packet ack=200[RENO] Congestion Avoidance: cwnd increased to 9

[Window Slide] base: 199 -> 200
[Send] Data packet seq=207, length=8172, window[200,208], cwnd=9
[Send] Data packet seq=208, length=8172, window[200,208], cwnd=9
[Receive] ACK packet ack=201
[Window Slide] base: 200 -> 201
[Send] Data packet seq=209, length=8172, window[201,209], cwnd=9
[Receive] ACK packet ack=202
[Window Slide] base: 201 -> 202
[Send] Data packet seq=210, length=8172, window[202,210], cwnd=9
[Receive] ACK packet ack=203
[Window Slide] base: 202 -> 203
[Send] Data packet seq=211, length=8172, window[203,211], cwnd=9
[Receive] ACK packet ack=204
[Window Slide] base: 203 -> 204
[Send] Data packet seq=212, length=8172, window[204,212], cwnd=9
[Receive] ACK packet ack=205
[Window Slide] base: 204 -> 205
[Send] Data packet seq=213, length=8172, window[205,213], cwnd=9
[Receive] ACK packet ack=206
[Window Slide] base: 205 -> 206
[Send] Data packet seq=214, length=8172, window[206,214], cwnd=9
[Receive] ACK packet ack=207
[Window Slide] base: 206 -> 207
[Send] Data packet seq=215, length=8172, window[207,215], cwnd=9
[Receive] ACK packet ack=208
[Window Slide] base: 207 -> 208
[Send] Data packet seq=216, length=8172, window[208,216], cwnd=9
[Receive] ACK packet ack=209[RENO] Congestion Avoidance: cwnd increased to 10

[Window Slide] base: 208 -> 209
[Send] Data packet seq=217, length=8172, window[209,218], cwnd=10
[Send] Data packet seq=218, length=8172, window[209,218], cwnd=10
[Receive] ACK packet ack=210
[Window Slide] base: 209 -> 210
[Send] Data packet seq=219, length=8172, window[210,219], cwnd=10
[Receive] ACK packet ack=211
[Window Slide] base: 210 -> 211
[Send] Data packet seq=220, length=8172, window[211,220], cwnd=10
[Receive] ACK packet ack=212
[Window Slide] base: 211 -> 212
[Send] Data packet seq=221, length=8172, window[212,221], cwnd=10
[Receive] ACK packet ack=213
[Window Slide] base: 212 -> 213
[Send] Data packet seq=222, length=8172, window[213,222], cwnd=10
[Receive] ACK packet ack=214
[Window Slide] base: 213 -> 214
[Send] Data packet seq=223, length=8172, window[214,223], cwnd=10
[Receive] ACK packet ack=215
[Window Slide] base: 214 -> 215
[Send] Data packet seq=224, length=8172, window[215,224], cwnd=10
[Receive] ACK packet ack=216
[Window Slide] base: 215 -> 216
[Send] Data packet seq=225, length=8172, window[216,225], cwnd=10
[Receive] ACK packet ack=217
[Window Slide] base: 216 -> 217
[Send] Data packet seq=226, length=8172, window[217,226], cwnd=10
[Receive] ACK packet ack=218
[Window Slide] base: 217 -> 218
[Send] Data packet seq=227, length=8172, window[218,227], cwnd=10
[Receive] ACK packet ack=219[RENO] Congestion Avoidance: cwnd increased to 11

[Window Slide] base: 218 -> 219
[Send] Data packet seq=228, length=2309, window[219,229], cwnd=11
[Receive] ACK packet ack=220
[Window Slide] base: 219 -> 220
[Receive] ACK packet ack=221
[Window Slide] base: 220 -> 221
[Receive] ACK packet ack=222
[Window Slide] base: 221 -> 222
[Receive] ACK packet ack=223
[Window Slide] base: 222 -> 223
[Receive] ACK packet ack=224
[Window Slide] base: 223 -> 224
[Receive] ACK packet ack=225
[Window Slide] base: 224 -> 225
[Receive] ACK packet ack=226
[Window Slide] base: 225 -> 226
[Receive] ACK packet ack=227
[Window Slide] base: 226 -> 227
[Receive] ACK packet ack=228
[Window Slide] base: 227 -> 228
[Receive] ACK packet ack=229
[Window Slide] base: 228 -> 229
[Pipeline Send] Data transmission completed, sent 228 packets
[RENO] Final state: cwnd=11, ssthresh=2, phase=CONGESTION_AVOIDANCE
[Transfer] File '1.jpg' transferred successfully!

[Summary] File transfer succeeded

[Four-way Handshake] Starting connection closure...
[State Transition] ESTABLISHED -> FIN_WAIT_1
[Sent] FIN packet (seq=229)
[Received] ACK packet (ack=230)
[State Transition] FIN_WAIT_1 -> FIN_WAIT_2
[Received] FIN packet (seq=1)
[Sent] ACK packet (ack=2)
[State Transition] FIN_WAIT_2 -> TIME_WAIT
[Waiting] TIME_WAIT state, waiting for 4000ms...
[State Transition] TIME_WAIT -> CLOSED
[Success] Connection closed!


========== Client Transmission Statistics ==========
Total Packets Sent (incl. retrans): 262
Total Retransmissions: 34
====================================================

Client program ended
